input: (_Arg): /job:localhost/replica:0/task:0/device:CPU:0
_EagerConst: (_EagerConst): /job:localhost/replica:0/task:0/device:GPU:0
output_RetVal: (_Retval): /job:localhost/replica:0/task:0/device:GPU:0
input: (_Arg): /job:localhost/replica:0/task:0/device:GPU:0
_EagerConst: (_EagerConst): /job:localhost/replica:0/task:0/device:GPU:0
output_RetVal: (_Retval): /job:localhost/replica:0/task:0/device:GPU:0
components_0: (_Arg): /job:localhost/replica:0/task:0/device:CPU:0
components_1: (_Arg): /job:localhost/replica:0/task:0/device:CPU:0
components_2: (_Arg): /job:localhost/replica:0/task:0/device:CPU:0
components_3: (_Arg): /job:localhost/replica:0/task:0/device:CPU:0
components_4: (_Arg): /job:localhost/replica:0/task:0/device:CPU:0
TensorSliceDataset: (TensorSliceDataset): /job:localhost/replica:0/task:0/device:CPU:0
handle_RetVal: (_Retval): /job:localhost/replica:0/task:0/device:CPU:0
input__dataset: (_Arg): /job:localhost/replica:0/task:0/device:CPU:0
cycle__length: (_Arg): /job:localhost/replica:0/task:0/device:CPU:0
block__length: (_Arg): /job:localhost/replica:0/task:0/device:CPU:0
buffer__output__elements: (_Arg): /job:localhost/replica:0/task:0/device:CPU:0
prefetch__input__elements: (_Arg): /job:localhost/replica:0/task:0/device:CPU:0
num__parallel__calls: (_Arg): /job:localhost/replica:0/task:0/device:CPU:0
ParallelInterleaveDatasetV4: (ParallelInterleaveDatasetV4): /job:localhost/replica:0/task:0/device:CPU:0
handle_RetVal: (_Retval): /job:localhost/replica:0/task:0/device:CPU:0
input__dataset: (_Arg): /job:localhost/replica:0/task:0/device:CPU:0
cardinality: (_Arg): /job:localhost/replica:0/task:0/device:CPU:0
AssertCardinalityDataset: (AssertCardinalityDataset): /job:localhost/replica:0/task:0/device:CPU:0
handle_RetVal: (_Retval): /job:localhost/replica:0/task:0/device:CPU:0
input__dataset: (_Arg): /job:localhost/replica:0/task:0/device:CPU:0
OptionsDataset: (OptionsDataset): /job:localhost/replica:0/task:0/device:CPU:0
handle_RetVal: (_Retval): /job:localhost/replica:0/task:0/device:CPU:0
input__dataset: (_Arg): /job:localhost/replica:0/task:0/device:CPU:0
num__parallel__calls: (_Arg): /job:localhost/replica:0/task:0/device:CPU:0
ParallelMapDatasetV2: (ParallelMapDatasetV2): /job:localhost/replica:0/task:0/device:CPU:0
handle_RetVal: (_Retval): /job:localhost/replica:0/task:0/device:CPU:0
handle_RetVal: (_Retval): /job:localhost/replica:0/task:0/device:CPU:0
DummyMemoryCache: (DummyMemoryCache): /job:localhost/replica:0/task:0/device:CPU:0
input__dataset: (_Arg): /job:localhost/replica:0/task:0/device:CPU:0
filename: (_Arg): /job:localhost/replica:0/task:0/device:CPU:0
cache: (_Arg): /job:localhost/replica:0/task:0/device:CPU:0
CacheDatasetV2: (CacheDatasetV2): /job:localhost/replica:0/task:0/device:CPU:0
handle_RetVal: (_Retval): /job:localhost/replica:0/task:0/device:CPU:0
input__dataset: (_Arg): /job:localhost/replica:0/task:0/device:CPU:0
buffer__size: (_Arg): /job:localhost/replica:0/task:0/device:CPU:0
PrefetchDataset: (PrefetchDataset): /job:localhost/replica:0/task:0/device:CPU:0
handle_RetVal: (_Retval): /job:localhost/replica:0/task:0/device:CPU:0
components_0: (_Arg): /job:localhost/replica:0/task:0/device:CPU:0
components_1: (_Arg): /job:localhost/replica:0/task:0/device:CPU:0
components_2: (_Arg): /job:localhost/replica:0/task:0/device:CPU:0
components_3: (_Arg): /job:localhost/replica:0/task:0/device:CPU:0
components_4: (_Arg): /job:localhost/replica:0/task:0/device:CPU:0
TensorSliceDataset: (TensorSliceDataset): /job:localhost/replica:0/task:0/device:CPU:0
handle_RetVal: (_Retval): /job:localhost/replica:0/task:0/device:CPU:0
input__dataset: (_Arg): /job:localhost/replica:0/task:0/device:CPU:0
cycle__length: (_Arg): /job:localhost/replica:0/task:0/device:CPU:0
block__length: (_Arg): /job:localhost/replica:0/task:0/device:CPU:0
buffer__output__elements: (_Arg): /job:localhost/replica:0/task:0/device:CPU:0
prefetch__input__elements: (_Arg): /job:localhost/replica:0/task:0/device:CPU:0
num__parallel__calls: (_Arg): /job:localhost/replica:0/task:0/device:CPU:0
ParallelInterleaveDatasetV4: (ParallelInterleaveDatasetV4): /job:localhost/replica:0/task:0/device:CPU:0
handle_RetVal: (_Retval): /job:localhost/replica:0/task:0/device:CPU:0
input__dataset: (_Arg): /job:localhost/replica:0/task:0/device:CPU:0
cardinality: (_Arg): /job:localhost/replica:0/task:0/device:CPU:0
AssertCardinalityDataset: (AssertCardinalityDataset): /job:localhost/replica:0/task:0/device:CPU:0
handle_RetVal: (_Retval): /job:localhost/replica:0/task:0/device:CPU:0
input__dataset: (_Arg): /job:localhost/replica:0/task:0/device:CPU:0
OptionsDataset: (OptionsDataset): /job:localhost/replica:0/task:0/device:CPU:0
handle_RetVal: (_Retval): /job:localhost/replica:0/task:0/device:CPU:0
input__dataset: (_Arg): /job:localhost/replica:0/task:0/device:CPU:0
num__parallel__calls: (_Arg): /job:localhost/replica:0/task:0/device:CPU:0
ParallelMapDatasetV2: (ParallelMapDatasetV2): /job:localhost/replica:0/task:0/device:CPU:0
handle_RetVal: (_Retval): /job:localhost/replica:0/task:0/device:CPU:0
input__dataset: (_Arg): /job:localhost/replica:0/task:0/device:CPU:0
filename: (_Arg): /job:localhost/replica:0/task:0/device:CPU:0
cache: (_Arg): /job:localhost/replica:0/task:0/device:CPU:0
CacheDatasetV2: (CacheDatasetV2): /job:localhost/replica:0/task:0/device:CPU:0
handle_RetVal: (_Retval): /job:localhost/replica:0/task:0/device:CPU:0
input__dataset: (_Arg): /job:localhost/replica:0/task:0/device:CPU:0
buffer__size: (_Arg): /job:localhost/replica:0/task:0/device:CPU:0
PrefetchDataset: (PrefetchDataset): /job:localhost/replica:0/task:0/device:CPU:0
handle_RetVal: (_Retval): /job:localhost/replica:0/task:0/device:CPU:0
components_0: (_Arg): /job:localhost/replica:0/task:0/device:CPU:0
components_1: (_Arg): /job:localhost/replica:0/task:0/device:CPU:0
components_2: (_Arg): /job:localhost/replica:0/task:0/device:CPU:0
components_3: (_Arg): /job:localhost/replica:0/task:0/device:CPU:0
components_4: (_Arg): /job:localhost/replica:0/task:0/device:CPU:0
TensorSliceDataset: (TensorSliceDataset): /job:localhost/replica:0/task:0/device:CPU:0
handle_RetVal: (_Retval): /job:localhost/replica:0/task:0/device:CPU:0
handle_RetVal: (_Retval): /job:localhost/replica:0/task:0/device:CPU:0
DummySeedGenerator: (DummySeedGenerator): /job:localhost/replica:0/task:0/device:CPU:0
input__dataset: (_Arg): /job:localhost/replica:0/task:0/device:CPU:0
buffer__size: (_Arg): /job:localhost/replica:0/task:0/device:CPU:0
seed: (_Arg): /job:localhost/replica:0/task:0/device:CPU:0
seed2: (_Arg): /job:localhost/replica:0/task:0/device:CPU:0
seed__generator: (_Arg): /job:localhost/replica:0/task:0/device:CPU:0
ShuffleDatasetV3: (ShuffleDatasetV3): /job:localhost/replica:0/task:0/device:CPU:0
handle_RetVal: (_Retval): /job:localhost/replica:0/task:0/device:CPU:0
input__dataset: (_Arg): /job:localhost/replica:0/task:0/device:CPU:0
count: (_Arg): /job:localhost/replica:0/task:0/device:CPU:0
RepeatDataset: (RepeatDataset): /job:localhost/replica:0/task:0/device:CPU:0
handle_RetVal: (_Retval): /job:localhost/replica:0/task:0/device:CPU:0
input__dataset: (_Arg): /job:localhost/replica:0/task:0/device:CPU:0
cycle__length: (_Arg): /job:localhost/replica:0/task:0/device:CPU:0
block__length: (_Arg): /job:localhost/replica:0/task:0/device:CPU:0
buffer__output__elements: (_Arg): /job:localhost/replica:0/task:0/device:CPU:0
prefetch__input__elements: (_Arg): /job:localhost/replica:0/task:0/device:CPU:0
num__parallel__calls: (_Arg): /job:localhost/replica:0/task:0/device:CPU:0
ParallelInterleaveDatasetV4: (ParallelInterleaveDatasetV4): /job:localhost/replica:0/task:0/device:CPU:0
handle_RetVal: (_Retval): /job:localhost/replica:0/task:0/device:CPU:0
input__dataset: (_Arg): /job:localhost/replica:0/task:0/device:CPU:0
OptionsDataset: (OptionsDataset): /job:localhost/replica:0/task:0/device:CPU:0
handle_RetVal: (_Retval): /job:localhost/replica:0/task:0/device:CPU:0
input__dataset: (_Arg): /job:localhost/replica:0/task:0/device:CPU:0
num__parallel__calls: (_Arg): /job:localhost/replica:0/task:0/device:CPU:0
ParallelMapDatasetV2: (ParallelMapDatasetV2): /job:localhost/replica:0/task:0/device:CPU:0
handle_RetVal: (_Retval): /job:localhost/replica:0/task:0/device:CPU:0
input__dataset: (_Arg): /job:localhost/replica:0/task:0/device:CPU:0
filename: (_Arg): /job:localhost/replica:0/task:0/device:CPU:0
cache: (_Arg): /job:localhost/replica:0/task:0/device:CPU:0
CacheDatasetV2: (CacheDatasetV2): /job:localhost/replica:0/task:0/device:CPU:0
handle_RetVal: (_Retval): /job:localhost/replica:0/task:0/device:CPU:0
input__dataset: (_Arg): /job:localhost/replica:0/task:0/device:CPU:0
buffer__size: (_Arg): /job:localhost/replica:0/task:0/device:CPU:0
seed: (_Arg): /job:localhost/replica:0/task:0/device:CPU:0
seed2: (_Arg): /job:localhost/replica:0/task:0/device:CPU:0
seed__generator: (_Arg): /job:localhost/replica:0/task:0/device:CPU:0
ShuffleDatasetV3: (ShuffleDatasetV3): /job:localhost/replica:0/task:0/device:CPU:0
handle_RetVal: (_Retval): /job:localhost/replica:0/task:0/device:CPU:0
input__dataset: (_Arg): /job:localhost/replica:0/task:0/device:CPU:0
num__parallel__calls: (_Arg): /job:localhost/replica:0/task:0/device:CPU:0
ParallelMapDatasetV2: (ParallelMapDatasetV2): /job:localhost/replica:0/task:0/device:CPU:0
handle_RetVal: (_Retval): /job:localhost/replica:0/task:0/device:CPU:0
input__dataset: (_Arg): /job:localhost/replica:0/task:0/device:CPU:0
num__parallel__calls: (_Arg): /job:localhost/replica:0/task:0/device:CPU:0
ParallelMapDatasetV2: (ParallelMapDatasetV2): /job:localhost/replica:0/task:0/device:CPU:0
handle_RetVal: (_Retval): /job:localhost/replica:0/task:0/device:CPU:0
input: (_Arg): /job:localhost/replica:0/task:0/device:GPU:0
_EagerConst: (_EagerConst): /job:localhost/replica:0/task:0/device:GPU:0
output_RetVal: (_Retval): /job:localhost/replica:0/task:0/device:GPU:0
input__dataset: (_Arg): /job:localhost/replica:0/task:0/device:CPU:0
batch__size: (_Arg): /job:localhost/replica:0/task:0/device:CPU:0
drop__remainder: (_Arg): /job:localhost/replica:0/task:0/device:CPU:0
BatchDatasetV2: (BatchDatasetV2): /job:localhost/replica:0/task:0/device:CPU:0
handle_RetVal: (_Retval): /job:localhost/replica:0/task:0/device:CPU:0
input__dataset: (_Arg): /job:localhost/replica:0/task:0/device:CPU:0
buffer__size: (_Arg): /job:localhost/replica:0/task:0/device:CPU:0
PrefetchDataset: (PrefetchDataset): /job:localhost/replica:0/task:0/device:CPU:0
handle_RetVal: (_Retval): /job:localhost/replica:0/task:0/device:CPU:0
input: (_Arg): /job:localhost/replica:0/task:0/device:CPU:0
_EagerConst: (_EagerConst): /job:localhost/replica:0/task:0/device:GPU:0
output_RetVal: (_Retval): /job:localhost/replica:0/task:0/device:GPU:0
input: (_Arg): /job:localhost/replica:0/task:0/device:GPU:0
_EagerConst: (_EagerConst): /job:localhost/replica:0/task:0/device:GPU:0
output_RetVal: (_Retval): /job:localhost/replica:0/task:0/device:GPU:0
seed: (_Arg): /job:localhost/replica:0/task:0/device:CPU:0
StatelessRandomGetKeyCounter: (StatelessRandomGetKeyCounter): /job:localhost/replica:0/task:0/device:GPU:0
key_RetVal: (_Retval): /job:localhost/replica:0/task:0/device:GPU:0
counter_RetVal: (_Retval): /job:localhost/replica:0/task:0/device:GPU:0
shape: (_DeviceArg): /job:localhost/replica:0/task:0/device:CPU:0
key: (_Arg): /job:localhost/replica:0/task:0/device:GPU:0
counter: (_Arg): /job:localhost/replica:0/task:0/device:GPU:0
alg: (_DeviceArg): /job:localhost/replica:0/task:0/device:CPU:0
StatelessTruncatedNormalV2: (StatelessTruncatedNormalV2): /job:localhost/replica:0/task:0/device:GPU:0
output_RetVal: (_Retval): /job:localhost/replica:0/task:0/device:GPU:0
x: (_Arg): /job:localhost/replica:0/task:0/device:GPU:0
y: (_Arg): /job:localhost/replica:0/task:0/device:GPU:0
Mul: (Mul): /job:localhost/replica:0/task:0/device:GPU:0
z_RetVal: (_Retval): /job:localhost/replica:0/task:0/device:GPU:0
x: (_Arg): /job:localhost/replica:0/task:0/device:GPU:0
y: (_Arg): /job:localhost/replica:0/task:0/device:GPU:0
AddV2: (AddV2): /job:localhost/replica:0/task:0/device:GPU:0
z_RetVal: (_Retval): /job:localhost/replica:0/task:0/device:GPU:0
resource_RetVal: (_Retval): /job:localhost/replica:0/task:0/device:GPU:0
VarHandleOp: (VarHandleOp): /job:localhost/replica:0/task:0/device:GPU:0
resource: (_Arg): /job:localhost/replica:0/task:0/device:GPU:0
value: (_Arg): /job:localhost/replica:0/task:0/device:GPU:0
AssignVariableOp: (AssignVariableOp): /job:localhost/replica:0/task:0/device:GPU:0
dims: (_DeviceArg): /job:localhost/replica:0/task:0/device:CPU:0
value: (_Arg): /job:localhost/replica:0/task:0/device:GPU:0
Fill: (Fill): /job:localhost/replica:0/task:0/device:GPU:0
output_RetVal: (_Retval): /job:localhost/replica:0/task:0/device:GPU:0
resource_RetVal: (_Retval): /job:localhost/replica:0/task:0/device:GPU:0
VarHandleOp: (VarHandleOp): /job:localhost/replica:0/task:0/device:GPU:0
resource: (_Arg): /job:localhost/replica:0/task:0/device:GPU:0
value: (_Arg): /job:localhost/replica:0/task:0/device:GPU:0
AssignVariableOp: (AssignVariableOp): /job:localhost/replica:0/task:0/device:GPU:0
resource_RetVal: (_Retval): /job:localhost/replica:0/task:0/device:GPU:0
VarHandleOp: (VarHandleOp): /job:localhost/replica:0/task:0/device:GPU:0
resource_RetVal: (_Retval): /job:localhost/replica:0/task:0/device:GPU:0
VarHandleOp: (VarHandleOp): /job:localhost/replica:0/task:0/device:GPU:0
resource_RetVal: (_Retval): /job:localhost/replica:0/task:0/device:GPU:0
VarHandleOp: (VarHandleOp): /job:localhost/replica:0/task:0/device:GPU:0
resource_RetVal: (_Retval): /job:localhost/replica:0/task:0/device:GPU:0
VarHandleOp: (VarHandleOp): /job:localhost/replica:0/task:0/device:GPU:0
resource: (_Arg): /job:localhost/replica:0/task:0/device:GPU:0
value: (_Arg): /job:localhost/replica:0/task:0/device:GPU:0
AssignVariableOp: (AssignVariableOp): /job:localhost/replica:0/task:0/device:GPU:0
resource_RetVal: (_Retval): /job:localhost/replica:0/task:0/device:GPU:0
VarHandleOp: (VarHandleOp): /job:localhost/replica:0/task:0/device:GPU:0
resource_RetVal: (_Retval): /job:localhost/replica:0/task:0/device:GPU:0
VarHandleOp: (VarHandleOp): /job:localhost/replica:0/task:0/device:GPU:0
resource_RetVal: (_Retval): /job:localhost/replica:0/task:0/device:GPU:0
VarHandleOp: (VarHandleOp): /job:localhost/replica:0/task:0/device:GPU:0
resource_RetVal: (_Retval): /job:localhost/replica:0/task:0/device:GPU:0
VarHandleOp: (VarHandleOp): /job:localhost/replica:0/task:0/device:GPU:0
resource_RetVal: (_Retval): /job:localhost/replica:0/task:0/device:GPU:0
VarHandleOp: (VarHandleOp): /job:localhost/replica:0/task:0/device:GPU:0
resource: (_Arg): /job:localhost/replica:0/task:0/device:GPU:0
value: (_Arg): /job:localhost/replica:0/task:0/device:GPU:0
AssignVariableOp: (AssignVariableOp): /job:localhost/replica:0/task:0/device:GPU:0
resource_RetVal: (_Retval): /job:localhost/replica:0/task:0/device:GPU:0
VarHandleOp: (VarHandleOp): /job:localhost/replica:0/task:0/device:GPU:0
resource_RetVal: (_Retval): /job:localhost/replica:0/task:0/device:GPU:0
VarHandleOp: (VarHandleOp): /job:localhost/replica:0/task:0/device:GPU:0
resource_RetVal: (_Retval): /job:localhost/replica:0/task:0/device:GPU:0
VarHandleOp: (VarHandleOp): /job:localhost/replica:0/task:0/device:GPU:0
resource_RetVal: (_Retval): /job:localhost/replica:0/task:0/device:GPU:0
VarHandleOp: (VarHandleOp): /job:localhost/replica:0/task:0/device:GPU:0
resource_RetVal: (_Retval): /job:localhost/replica:0/task:0/device:GPU:0
VarHandleOp: (VarHandleOp): /job:localhost/replica:0/task:0/device:GPU:0
resource_RetVal: (_Retval): /job:localhost/replica:0/task:0/device:GPU:0
VarHandleOp: (VarHandleOp): /job:localhost/replica:0/task:0/device:GPU:0
resource_RetVal: (_Retval): /job:localhost/replica:0/task:0/device:GPU:0
VarHandleOp: (VarHandleOp): /job:localhost/replica:0/task:0/device:GPU:0
resource_RetVal: (_Retval): /job:localhost/replica:0/task:0/device:GPU:0
VarHandleOp: (VarHandleOp): /job:localhost/replica:0/task:0/device:GPU:0
resource_RetVal: (_Retval): /job:localhost/replica:0/task:0/device:GPU:0
VarHandleOp: (VarHandleOp): /job:localhost/replica:0/task:0/device:GPU:0
resource_RetVal: (_Retval): /job:localhost/replica:0/task:0/device:GPU:0
VarHandleOp: (VarHandleOp): /job:localhost/replica:0/task:0/device:GPU:0
resource: (_Arg): /job:localhost/replica:0/task:0/device:GPU:0
value: (_Arg): /job:localhost/replica:0/task:0/device:GPU:0
AssignVariableOp: (AssignVariableOp): /job:localhost/replica:0/task:0/device:GPU:0
resource_RetVal: (_Retval): /job:localhost/replica:0/task:0/device:GPU:0
VarHandleOp: (VarHandleOp): /job:localhost/replica:0/task:0/device:GPU:0
resource: (_Arg): /job:localhost/replica:0/task:0/device:GPU:0
value: (_Arg): /job:localhost/replica:0/task:0/device:GPU:0
AssignVariableOp: (AssignVariableOp): /job:localhost/replica:0/task:0/device:GPU:0
resource_RetVal: (_Retval): /job:localhost/replica:0/task:0/device:GPU:0
VarHandleOp: (VarHandleOp): /job:localhost/replica:0/task:0/device:GPU:0
resource_RetVal: (_Retval): /job:localhost/replica:0/task:0/device:GPU:0
VarHandleOp: (VarHandleOp): /job:localhost/replica:0/task:0/device:GPU:0
resource_RetVal: (_Retval): /job:localhost/replica:0/task:0/device:GPU:0
VarHandleOp: (VarHandleOp): /job:localhost/replica:0/task:0/device:GPU:0
resource_RetVal: (_Retval): /job:localhost/replica:0/task:0/device:GPU:0
VarHandleOp: (VarHandleOp): /job:localhost/replica:0/task:0/device:GPU:0
resource: (_Arg): /job:localhost/replica:0/task:0/device:GPU:0
value: (_Arg): /job:localhost/replica:0/task:0/device:GPU:0
AssignVariableOp: (AssignVariableOp): /job:localhost/replica:0/task:0/device:GPU:0
resource_RetVal: (_Retval): /job:localhost/replica:0/task:0/device:GPU:0
VarHandleOp: (VarHandleOp): /job:localhost/replica:0/task:0/device:GPU:0
resource_RetVal: (_Retval): /job:localhost/replica:0/task:0/device:GPU:0
VarHandleOp: (VarHandleOp): /job:localhost/replica:0/task:0/device:GPU:0
resource_RetVal: (_Retval): /job:localhost/replica:0/task:0/device:GPU:0
VarHandleOp: (VarHandleOp): /job:localhost/replica:0/task:0/device:GPU:0
resource_RetVal: (_Retval): /job:localhost/replica:0/task:0/device:GPU:0
VarHandleOp: (VarHandleOp): /job:localhost/replica:0/task:0/device:GPU:0
resource_RetVal: (_Retval): /job:localhost/replica:0/task:0/device:GPU:0
VarHandleOp: (VarHandleOp): /job:localhost/replica:0/task:0/device:GPU:0
resource: (_Arg): /job:localhost/replica:0/task:0/device:GPU:0
value: (_Arg): /job:localhost/replica:0/task:0/device:GPU:0
AssignVariableOp: (AssignVariableOp): /job:localhost/replica:0/task:0/device:GPU:0
resource_RetVal: (_Retval): /job:localhost/replica:0/task:0/device:GPU:0
VarHandleOp: (VarHandleOp): /job:localhost/replica:0/task:0/device:GPU:0
resource_RetVal: (_Retval): /job:localhost/replica:0/task:0/device:GPU:0
VarHandleOp: (VarHandleOp): /job:localhost/replica:0/task:0/device:GPU:0
resource_RetVal: (_Retval): /job:localhost/replica:0/task:0/device:GPU:0
VarHandleOp: (VarHandleOp): /job:localhost/replica:0/task:0/device:GPU:0
resource_RetVal: (_Retval): /job:localhost/replica:0/task:0/device:GPU:0
VarHandleOp: (VarHandleOp): /job:localhost/replica:0/task:0/device:GPU:0
resource_RetVal: (_Retval): /job:localhost/replica:0/task:0/device:GPU:0
VarHandleOp: (VarHandleOp): /job:localhost/replica:0/task:0/device:GPU:0
resource: (_Arg): /job:localhost/replica:0/task:0/device:GPU:0
value: (_Arg): /job:localhost/replica:0/task:0/device:GPU:0
AssignVariableOp: (AssignVariableOp): /job:localhost/replica:0/task:0/device:GPU:0
resource_RetVal: (_Retval): /job:localhost/replica:0/task:0/device:GPU:0
VarHandleOp: (VarHandleOp): /job:localhost/replica:0/task:0/device:GPU:0
resource: (_Arg): /job:localhost/replica:0/task:0/device:GPU:0
value: (_Arg): /job:localhost/replica:0/task:0/device:GPU:0
AssignVariableOp: (AssignVariableOp): /job:localhost/replica:0/task:0/device:GPU:0
resource_RetVal: (_Retval): /job:localhost/replica:0/task:0/device:GPU:0
VarHandleOp: (VarHandleOp): /job:localhost/replica:0/task:0/device:GPU:0
resource_RetVal: (_Retval): /job:localhost/replica:0/task:0/device:GPU:0
VarHandleOp: (VarHandleOp): /job:localhost/replica:0/task:0/device:GPU:0
resource_RetVal: (_Retval): /job:localhost/replica:0/task:0/device:GPU:0
VarHandleOp: (VarHandleOp): /job:localhost/replica:0/task:0/device:GPU:0
resource_RetVal: (_Retval): /job:localhost/replica:0/task:0/device:GPU:0
VarHandleOp: (VarHandleOp): /job:localhost/replica:0/task:0/device:GPU:0
resource: (_Arg): /job:localhost/replica:0/task:0/device:GPU:0
value: (_Arg): /job:localhost/replica:0/task:0/device:GPU:0
AssignVariableOp: (AssignVariableOp): /job:localhost/replica:0/task:0/device:GPU:0
resource_RetVal: (_Retval): /job:localhost/replica:0/task:0/device:GPU:0
VarHandleOp: (VarHandleOp): /job:localhost/replica:0/task:0/device:GPU:0
resource_RetVal: (_Retval): /job:localhost/replica:0/task:0/device:GPU:0
VarHandleOp: (VarHandleOp): /job:localhost/replica:0/task:0/device:GPU:0
resource_RetVal: (_Retval): /job:localhost/replica:0/task:0/device:GPU:0
VarHandleOp: (VarHandleOp): /job:localhost/replica:0/task:0/device:GPU:0
resource_RetVal: (_Retval): /job:localhost/replica:0/task:0/device:GPU:0
VarHandleOp: (VarHandleOp): /job:localhost/replica:0/task:0/device:GPU:0
resource_RetVal: (_Retval): /job:localhost/replica:0/task:0/device:GPU:0
VarHandleOp: (VarHandleOp): /job:localhost/replica:0/task:0/device:GPU:0
resource: (_Arg): /job:localhost/replica:0/task:0/device:GPU:0
value: (_Arg): /job:localhost/replica:0/task:0/device:GPU:0
AssignVariableOp: (AssignVariableOp): /job:localhost/replica:0/task:0/device:GPU:0
resource_RetVal: (_Retval): /job:localhost/replica:0/task:0/device:GPU:0
VarHandleOp: (VarHandleOp): /job:localhost/replica:0/task:0/device:GPU:0
resource_RetVal: (_Retval): /job:localhost/replica:0/task:0/device:GPU:0
VarHandleOp: (VarHandleOp): /job:localhost/replica:0/task:0/device:GPU:0
resource_RetVal: (_Retval): /job:localhost/replica:0/task:0/device:GPU:0
VarHandleOp: (VarHandleOp): /job:localhost/replica:0/task:0/device:GPU:0
resource_RetVal: (_Retval): /job:localhost/replica:0/task:0/device:GPU:0
VarHandleOp: (VarHandleOp): /job:localhost/replica:0/task:0/device:GPU:0
resource_RetVal: (_Retval): /job:localhost/replica:0/task:0/device:GPU:0
VarHandleOp: (VarHandleOp): /job:localhost/replica:0/task:0/device:GPU:0
resource: (_Arg): /job:localhost/replica:0/task:0/device:GPU:0
value: (_Arg): /job:localhost/replica:0/task:0/device:GPU:0
AssignVariableOp: (AssignVariableOp): /job:localhost/replica:0/task:0/device:GPU:0
resource_RetVal: (_Retval): /job:localhost/replica:0/task:0/device:GPU:0
VarHandleOp: (VarHandleOp): /job:localhost/replica:0/task:0/device:GPU:0
resource: (_Arg): /job:localhost/replica:0/task:0/device:GPU:0
value: (_Arg): /job:localhost/replica:0/task:0/device:GPU:0
AssignVariableOp: (AssignVariableOp): /job:localhost/replica:0/task:0/device:GPU:0
resource_RetVal: (_Retval): /job:localhost/replica:0/task:0/device:GPU:0
VarHandleOp: (VarHandleOp): /job:localhost/replica:0/task:0/device:GPU:0
resource_RetVal: (_Retval): /job:localhost/replica:0/task:0/device:GPU:0
VarHandleOp: (VarHandleOp): /job:localhost/replica:0/task:0/device:GPU:0
resource_RetVal: (_Retval): /job:localhost/replica:0/task:0/device:GPU:0
VarHandleOp: (VarHandleOp): /job:localhost/replica:0/task:0/device:GPU:0
resource_RetVal: (_Retval): /job:localhost/replica:0/task:0/device:GPU:0
VarHandleOp: (VarHandleOp): /job:localhost/replica:0/task:0/device:GPU:0
resource: (_Arg): /job:localhost/replica:0/task:0/device:GPU:0
value: (_Arg): /job:localhost/replica:0/task:0/device:GPU:0
AssignVariableOp: (AssignVariableOp): /job:localhost/replica:0/task:0/device:GPU:0
resource_RetVal: (_Retval): /job:localhost/replica:0/task:0/device:GPU:0
VarHandleOp: (VarHandleOp): /job:localhost/replica:0/task:0/device:GPU:0
resource_RetVal: (_Retval): /job:localhost/replica:0/task:0/device:GPU:0
VarHandleOp: (VarHandleOp): /job:localhost/replica:0/task:0/device:GPU:0
resource_RetVal: (_Retval): /job:localhost/replica:0/task:0/device:GPU:0
VarHandleOp: (VarHandleOp): /job:localhost/replica:0/task:0/device:GPU:0
resource_RetVal: (_Retval): /job:localhost/replica:0/task:0/device:GPU:0
VarHandleOp: (VarHandleOp): /job:localhost/replica:0/task:0/device:GPU:0
resource_RetVal: (_Retval): /job:localhost/replica:0/task:0/device:GPU:0
VarHandleOp: (VarHandleOp): /job:localhost/replica:0/task:0/device:GPU:0
resource: (_Arg): /job:localhost/replica:0/task:0/device:GPU:0
value: (_Arg): /job:localhost/replica:0/task:0/device:GPU:0
AssignVariableOp: (AssignVariableOp): /job:localhost/replica:0/task:0/device:GPU:0
resource_RetVal: (_Retval): /job:localhost/replica:0/task:0/device:GPU:0
VarHandleOp: (VarHandleOp): /job:localhost/replica:0/task:0/device:GPU:0
resource_RetVal: (_Retval): /job:localhost/replica:0/task:0/device:GPU:0
VarHandleOp: (VarHandleOp): /job:localhost/replica:0/task:0/device:GPU:0
resource_RetVal: (_Retval): /job:localhost/replica:0/task:0/device:GPU:0
VarHandleOp: (VarHandleOp): /job:localhost/replica:0/task:0/device:GPU:0
resource_RetVal: (_Retval): /job:localhost/replica:0/task:0/device:GPU:0
VarHandleOp: (VarHandleOp): /job:localhost/replica:0/task:0/device:GPU:0
resource_RetVal: (_Retval): /job:localhost/replica:0/task:0/device:GPU:0
VarHandleOp: (VarHandleOp): /job:localhost/replica:0/task:0/device:GPU:0
resource: (_Arg): /job:localhost/replica:0/task:0/device:GPU:0
value: (_Arg): /job:localhost/replica:0/task:0/device:GPU:0
AssignVariableOp: (AssignVariableOp): /job:localhost/replica:0/task:0/device:GPU:0
resource_RetVal: (_Retval): /job:localhost/replica:0/task:0/device:GPU:0
VarHandleOp: (VarHandleOp): /job:localhost/replica:0/task:0/device:GPU:0
resource: (_Arg): /job:localhost/replica:0/task:0/device:GPU:0
value: (_Arg): /job:localhost/replica:0/task:0/device:GPU:0
AssignVariableOp: (AssignVariableOp): /job:localhost/replica:0/task:0/device:GPU:0
resource_RetVal: (_Retval): /job:localhost/replica:0/task:0/device:GPU:0
VarHandleOp: (VarHandleOp): /job:localhost/replica:0/task:0/device:GPU:0
resource: (_Arg): /job:localhost/replica:0/task:0/device:GPU:0
value: (_Arg): /job:localhost/replica:0/task:0/device:GPU:0
AssignVariableOp: (AssignVariableOp): /job:localhost/replica:0/task:0/device:GPU:0
dataset: (_Arg): /job:localhost/replica:0/task:0/device:CPU:0
scandataset_other_arguments_0: (_Arg): /job:localhost/replica:0/task:0/device:GPU:0
scandataset_other_arguments_1: (_Arg): /job:localhost/replica:0/task:0/device:GPU:0
scandataset_other_arguments_2: (_Arg): /job:localhost/replica:0/task:0/device:GPU:0
scandataset_other_arguments_3: (_Arg): /job:localhost/replica:0/task:0/device:GPU:0
scandataset_other_arguments_4: (_Arg): /job:localhost/replica:0/task:0/device:GPU:0
scandataset_other_arguments_5: (_Arg): /job:localhost/replica:0/task:0/device:GPU:0
scandataset_other_arguments_6: (_Arg): /job:localhost/replica:0/task:0/device:GPU:0
scandataset_other_arguments_7: (_Arg): /job:localhost/replica:0/task:0/device:GPU:0
scandataset_other_arguments_8: (_Arg): /job:localhost/replica:0/task:0/device:GPU:0
scandataset_other_arguments_9: (_Arg): /job:localhost/replica:0/task:0/device:GPU:0
scandataset_other_arguments_10: (_Arg): /job:localhost/replica:0/task:0/device:GPU:0
scandataset_other_arguments_11: (_Arg): /job:localhost/replica:0/task:0/device:GPU:0
scandataset_other_arguments_12: (_Arg): /job:localhost/replica:0/task:0/device:GPU:0
scandataset_other_arguments_13: (_Arg): /job:localhost/replica:0/task:0/device:GPU:0
scandataset_other_arguments_14: (_Arg): /job:localhost/replica:0/task:0/device:GPU:0
scandataset_other_arguments_15: (_Arg): /job:localhost/replica:0/task:0/device:GPU:0
scandataset_other_arguments_16: (_Arg): /job:localhost/replica:0/task:0/device:GPU:0
scandataset_other_arguments_17: (_Arg): /job:localhost/replica:0/task:0/device:GPU:0
scandataset_other_arguments_18: (_Arg): /job:localhost/replica:0/task:0/device:GPU:0
scandataset_other_arguments_19: (_Arg): /job:localhost/replica:0/task:0/device:GPU:0
scandataset_other_arguments_20: (_Arg): /job:localhost/replica:0/task:0/device:GPU:0
scandataset_other_arguments_21: (_Arg): /job:localhost/replica:0/task:0/device:GPU:0
scandataset_other_arguments_22: (_Arg): /job:localhost/replica:0/task:0/device:GPU:0
scandataset_other_arguments_23: (_Arg): /job:localhost/replica:0/task:0/device:GPU:0
scandataset_other_arguments_24: (_Arg): /job:localhost/replica:0/task:0/device:GPU:0
scandataset_other_arguments_25: (_Arg): /job:localhost/replica:0/task:0/device:GPU:0
scandataset_other_arguments_26: (_Arg): /job:localhost/replica:0/task:0/device:GPU:0
scandataset_other_arguments_27: (_Arg): /job:localhost/replica:0/task:0/device:GPU:0
scandataset_other_arguments_28: (_Arg): /job:localhost/replica:0/task:0/device:GPU:0
scandataset_other_arguments_29: (_Arg): /job:localhost/replica:0/task:0/device:GPU:0
scandataset_other_arguments_30: (_Arg): /job:localhost/replica:0/task:0/device:GPU:0
scandataset_other_arguments_31: (_Arg): /job:localhost/replica:0/task:0/device:GPU:0
scandataset_other_arguments_32: (_Arg): /job:localhost/replica:0/task:0/device:GPU:0
scandataset_other_arguments_33: (_Arg): /job:localhost/replica:0/task:0/device:GPU:0
scandataset_other_arguments_34: (_Arg): /job:localhost/replica:0/task:0/device:GPU:0
scandataset_other_arguments_35: (_Arg): /job:localhost/replica:0/task:0/device:GPU:0
scandataset_other_arguments_36: (_Arg): /job:localhost/replica:0/task:0/device:GPU:0
scandataset_other_arguments_37: (_Arg): /job:localhost/replica:0/task:0/device:GPU:0
scandataset_other_arguments_38: (_Arg): /job:localhost/replica:0/task:0/device:GPU:0
scandataset_other_arguments_39: (_Arg): /job:localhost/replica:0/task:0/device:GPU:0
scandataset_other_arguments_40: (_Arg): /job:localhost/replica:0/task:0/device:GPU:0
scandataset_other_arguments_41: (_Arg): /job:localhost/replica:0/task:0/device:GPU:0
scandataset_other_arguments_42: (_Arg): /job:localhost/replica:0/task:0/device:GPU:0
scandataset_other_arguments_43: (_Arg): /job:localhost/replica:0/task:0/device:GPU:0
scandataset_other_arguments_44: (_Arg): /job:localhost/replica:0/task:0/device:GPU:0
scandataset_other_arguments_45: (_Arg): /job:localhost/replica:0/task:0/device:GPU:0
scandataset_other_arguments_46: (_Arg): /job:localhost/replica:0/task:0/device:GPU:0
scandataset_other_arguments_47: (_Arg): /job:localhost/replica:0/task:0/device:GPU:0
scandataset_other_arguments_48: (_Arg): /job:localhost/replica:0/task:0/device:GPU:0
scandataset_other_arguments_49: (_Arg): /job:localhost/replica:0/task:0/device:GPU:0
scandataset_other_arguments_50: (_Arg): /job:localhost/replica:0/task:0/device:GPU:0
scandataset_other_arguments_51: (_Arg): /job:localhost/replica:0/task:0/device:GPU:0
scandataset_other_arguments_52: (_Arg): /job:localhost/replica:0/task:0/device:GPU:0
scandataset_other_arguments_53: (_Arg): /job:localhost/replica:0/task:0/device:GPU:0
scandataset_other_arguments_54: (_Arg): /job:localhost/replica:0/task:0/device:GPU:0
scandataset_other_arguments_55: (_Arg): /job:localhost/replica:0/task:0/device:GPU:0
scandataset_other_arguments_56: (_Arg): /job:localhost/replica:0/task:0/device:GPU:0
scandataset_other_arguments_57: (_Arg): /job:localhost/replica:0/task:0/device:GPU:0
scandataset_other_arguments_58: (_Arg): /job:localhost/replica:0/task:0/device:GPU:0
scandataset_other_arguments_59: (_Arg): /job:localhost/replica:0/task:0/device:GPU:0
scandataset_other_arguments_60: (_Arg): /job:localhost/replica:0/task:0/device:GPU:0
scandataset_other_arguments_61: (_Arg): /job:localhost/replica:0/task:0/device:GPU:0
scandataset_other_arguments_62: (_Arg): /job:localhost/replica:0/task:0/device:GPU:0
scandataset_other_arguments_63: (_Arg): /job:localhost/replica:0/task:0/device:GPU:0
scandataset_other_arguments_64: (_Arg): /job:localhost/replica:0/task:0/device:GPU:0
scandataset_other_arguments_65: (_Arg): /job:localhost/replica:0/task:0/device:GPU:0
scandataset_other_arguments_66: (_Arg): /job:localhost/replica:0/task:0/device:GPU:0
TakeDataset: (TakeDataset): /job:localhost/replica:0/task:0/device:CPU:0
ScanDataset: (ScanDataset): /job:localhost/replica:0/task:0/device:CPU:0
ReduceDataset: (ReduceDataset): /job:localhost/replica:0/task:0/device:CPU:0
count: (Const): /job:localhost/replica:0/task:0/device:CPU:0
Const: (Const): /job:localhost/replica:0/task:0/device:CPU:0
args_0: (_Arg): /job:localhost/replica:0/task:0/device:CPU:0
args_1: (_Arg): /job:localhost/replica:0/task:0/device:CPU:0
args_2: (_Arg): /job:localhost/replica:0/task:0/device:CPU:0
Identity: (Identity): /job:localhost/replica:0/task:0/device:CPU:0
identity_RetVal: (_Retval): /job:localhost/replica:0/task:0/device:CPU:0
args_0: (_Arg): /job:localhost/replica:0/task:0/device:CPU:0
args_1: (_Arg): /job:localhost/replica:0/task:0/device:CPU:0
args_2: (_Arg): /job:localhost/replica:0/task:0/device:CPU:0
EncodeJpeg: (EncodeJpeg): /job:localhost/replica:0/task:0/device:CPU:0
Identity: (Identity): /job:localhost/replica:0/task:0/device:CPU:0
Identity_1: (Identity): /job:localhost/replica:0/task:0/device:CPU:0
FakeSink0: (Identity): /job:localhost/replica:0/task:0/device:CPU:0
FakeSink1: (Identity): /job:localhost/replica:0/task:0/device:CPU:0
identity_RetVal: (_Retval): /job:localhost/replica:0/task:0/device:CPU:0
identity_1_RetVal: (_Retval): /job:localhost/replica:0/task:0/device:CPU:0
args_0: (_Arg): /job:localhost/replica:0/task:0/device:CPU:0
args_1: (_Arg): /job:localhost/replica:0/task:0/device:CPU:0
decode_image/DecodeImage: (DecodeImage): /job:localhost/replica:0/task:0/device:CPU:0
random_flip_left_right/Shape: (Shape): /job:localhost/replica:0/task:0/device:CPU:0
random_flip_left_right/strided_slice: (StridedSlice): /job:localhost/replica:0/task:0/device:CPU:0
random_flip_left_right/assert_positive/assert_less/Less: (Less): /job:localhost/replica:0/task:0/device:CPU:0
random_flip_left_right/assert_positive/assert_less/All: (All): /job:localhost/replica:0/task:0/device:CPU:0
random_flip_left_right/assert_positive/assert_less/Assert/Assert: (Assert): /job:localhost/replica:0/task:0/device:CPU:0
random_flip_left_right/assert_greater_equal/GreaterEqual: (GreaterEqual): /job:localhost/replica:0/task:0/device:CPU:0
random_flip_left_right/assert_greater_equal/range: (Range): /job:localhost/replica:0/task:0/device:CPU:0
random_flip_left_right/assert_greater_equal/All: (All): /job:localhost/replica:0/task:0/device:CPU:0
random_flip_left_right/assert_greater_equal/Assert/Assert: (Assert): /job:localhost/replica:0/task:0/device:CPU:0
random_flip_left_right/control_dependency: (Identity): /job:localhost/replica:0/task:0/device:CPU:0
random_flip_left_right/random_uniform/RandomUniform: (RandomUniform): /job:localhost/replica:0/task:0/device:CPU:0
random_flip_left_right/random_uniform/Mul: (Mul): /job:localhost/replica:0/task:0/device:CPU:0
random_flip_left_right/Less: (Less): /job:localhost/replica:0/task:0/device:CPU:0
random_flip_left_right/Identity: (Identity): /job:localhost/replica:0/task:0/device:CPU:0
resize/ExpandDims: (ExpandDims): /job:localhost/replica:0/task:0/device:CPU:0
resize/ResizeBilinear: (ResizeBilinear): /job:localhost/replica:0/task:0/device:CPU:0
resize/Squeeze: (Squeeze): /job:localhost/replica:0/task:0/device:CPU:0
normalize_image/Identity: (Identity): /job:localhost/replica:0/task:0/device:CPU:0
normalize_image/ExpandDims: (ExpandDims): /job:localhost/replica:0/task:0/device:CPU:0
normalize_image/ExpandDims_1: (ExpandDims): /job:localhost/replica:0/task:0/device:CPU:0
normalize_image/sub: (Sub): /job:localhost/replica:0/task:0/device:CPU:0
normalize_image/ExpandDims_2: (ExpandDims): /job:localhost/replica:0/task:0/device:CPU:0
normalize_image/ExpandDims_3: (ExpandDims): /job:localhost/replica:0/task:0/device:CPU:0
normalize_image/truediv: (RealDiv): /job:localhost/replica:0/task:0/device:CPU:0
Identity: (Identity): /job:localhost/replica:0/task:0/device:CPU:0
Cast: (Cast): /job:localhost/replica:0/task:0/device:CPU:0
NoOp: (NoOp): /job:localhost/replica:0/task:0/device:CPU:0
Identity_1: (Identity): /job:localhost/replica:0/task:0/device:CPU:0
Identity_2: (Identity): /job:localhost/replica:0/task:0/device:CPU:0
FakeSink0: (Identity): /job:localhost/replica:0/task:0/device:CPU:0
FakeSink1: (Identity): /job:localhost/replica:0/task:0/device:CPU:0
identity_1_RetVal: (_Retval): /job:localhost/replica:0/task:0/device:CPU:0
identity_2_RetVal: (_Retval): /job:localhost/replica:0/task:0/device:CPU:0
random_flip_left_right/switch_pred/_2: (Switch): /job:localhost/replica:0/task:0/device:CPU:0
random_flip_left_right/pivot_f/_3: (Identity): /job:localhost/replica:0/task:0/device:CPU:0
random_flip_left_right/pivot_t/_4: (Identity): /job:localhost/replica:0/task:0/device:CPU:0
random_flip_left_right/random_flip_left_right/control_dependency/_5: (Switch): /job:localhost/replica:0/task:0/device:CPU:0
random_flip_left_right/output/_6: (Merge): /job:localhost/replica:0/task:0/device:CPU:0
random_flip_left_right/branch_executed/_7: (Merge): /job:localhost/replica:0/task:0/device:CPU:0
random_flip_left_right: (NoOp): /job:localhost/replica:0/task:0/device:CPU:0
Func/random_flip_left_right/then/_0/input_control_node/_8: (NoOp): /job:localhost/replica:0/task:0/device:CPU:0
Func/random_flip_left_right/then/_0/input/_9: (Identity): /job:localhost/replica:0/task:0/device:CPU:0
random_flip_left_right/then/_0/random_flip_left_right/ReverseV2: (ReverseV2): /job:localhost/replica:0/task:0/device:CPU:0
random_flip_left_right/then/_0/random_flip_left_right/Identity: (Identity): /job:localhost/replica:0/task:0/device:CPU:0
random_flip_left_right/then/_0/FakeSink0: (Identity): /job:localhost/replica:0/task:0/device:CPU:0
Func/random_flip_left_right/then/_0/output/_10: (Identity): /job:localhost/replica:0/task:0/device:CPU:0
Func/random_flip_left_right/then/_0/output_control_node/_11: (NoOp): /job:localhost/replica:0/task:0/device:CPU:0
random_flip_left_right/then/_0: (NoOp): /job:localhost/replica:0/task:0/device:CPU:0
Func/random_flip_left_right/else/_1/input_control_node/_12: (NoOp): /job:localhost/replica:0/task:0/device:CPU:0
Func/random_flip_left_right/else/_1/input/_13: (Identity): /job:localhost/replica:0/task:0/device:CPU:0
random_flip_left_right/else/_1/random_flip_left_right/Identity: (Identity): /job:localhost/replica:0/task:0/device:CPU:0
random_flip_left_right/else/_1/FakeSink0: (Identity): /job:localhost/replica:0/task:0/device:CPU:0
Func/random_flip_left_right/else/_1/output/_14: (Identity): /job:localhost/replica:0/task:0/device:CPU:0
Func/random_flip_left_right/else/_1/output_control_node/_15: (NoOp): /job:localhost/replica:0/task:0/device:CPU:0
random_flip_left_right/else/_1: (NoOp): /job:localhost/replica:0/task:0/device:CPU:0
random_flip_left_right/strided_slice/stack: (Const): /job:localhost/replica:0/task:0/device:CPU:0
random_flip_left_right/strided_slice/stack_1: (Const): /job:localhost/replica:0/task:0/device:CPU:0
random_flip_left_right/strided_slice/stack_2: (Const): /job:localhost/replica:0/task:0/device:CPU:0
random_flip_left_right/assert_positive/Const: (Const): /job:localhost/replica:0/task:0/device:CPU:0
random_flip_left_right/assert_positive/assert_less/Const: (Const): /job:localhost/replica:0/task:0/device:CPU:0
random_flip_left_right/assert_positive/assert_less/Assert/Const: (Const): /job:localhost/replica:0/task:0/device:CPU:0
random_flip_left_right/assert_positive/assert_less/Assert/Assert/data_0: (Const): /job:localhost/replica:0/task:0/device:CPU:0
random_flip_left_right/Rank: (Const): /job:localhost/replica:0/task:0/device:CPU:0
random_flip_left_right/assert_greater_equal/y: (Const): /job:localhost/replica:0/task:0/device:CPU:0
random_flip_left_right/assert_greater_equal/Rank: (Const): /job:localhost/replica:0/task:0/device:CPU:0
random_flip_left_right/assert_greater_equal/range/start: (Const): /job:localhost/replica:0/task:0/device:CPU:0
random_flip_left_right/assert_greater_equal/range/delta: (Const): /job:localhost/replica:0/task:0/device:CPU:0
random_flip_left_right/assert_greater_equal/Assert/Const: (Const): /job:localhost/replica:0/task:0/device:CPU:0
random_flip_left_right/assert_greater_equal/Assert/Const_1: (Const): /job:localhost/replica:0/task:0/device:CPU:0
random_flip_left_right/assert_greater_equal/Assert/Const_2: (Const): /job:localhost/replica:0/task:0/device:CPU:0
random_flip_left_right/assert_greater_equal/Assert/Const_3: (Const): /job:localhost/replica:0/task:0/device:CPU:0
random_flip_left_right/assert_greater_equal/Assert/Assert/data_0: (Const): /job:localhost/replica:0/task:0/device:CPU:0
random_flip_left_right/assert_greater_equal/Assert/Assert/data_1: (Const): /job:localhost/replica:0/task:0/device:CPU:0
random_flip_left_right/assert_greater_equal/Assert/Assert/data_2: (Const): /job:localhost/replica:0/task:0/device:CPU:0
random_flip_left_right/assert_greater_equal/Assert/Assert/data_4: (Const): /job:localhost/replica:0/task:0/device:CPU:0
random_flip_left_right/random_uniform/shape: (Const): /job:localhost/replica:0/task:0/device:CPU:0
random_flip_left_right/random_uniform/min: (Const): /job:localhost/replica:0/task:0/device:CPU:0
random_flip_left_right/random_uniform/max: (Const): /job:localhost/replica:0/task:0/device:CPU:0
random_flip_left_right/Less/y: (Const): /job:localhost/replica:0/task:0/device:CPU:0
resize/ExpandDims/dim: (Const): /job:localhost/replica:0/task:0/device:CPU:0
resize/size: (Const): /job:localhost/replica:0/task:0/device:CPU:0
normalize_image/Const: (Const): /job:localhost/replica:0/task:0/device:CPU:0
normalize_image/ExpandDims/dim: (Const): /job:localhost/replica:0/task:0/device:CPU:0
normalize_image/ExpandDims_1/dim: (Const): /job:localhost/replica:0/task:0/device:CPU:0
normalize_image/Const_1: (Const): /job:localhost/replica:0/task:0/device:CPU:0
normalize_image/ExpandDims_2/dim: (Const): /job:localhost/replica:0/task:0/device:CPU:0
normalize_image/ExpandDims_3/dim: (Const): /job:localhost/replica:0/task:0/device:CPU:0
random_flip_left_right/then/_0/random_flip_left_right/ReverseV2/axis: (Const): /job:localhost/replica:0/task:0/device:CPU:0
args_0: (_Arg): /job:localhost/replica:0/task:0/device:CPU:0
args_1: (_Arg): /job:localhost/replica:0/task:0/device:CPU:0
args_2: (_Arg): /job:localhost/replica:0/task:0/device:CPU:0
mlb_res_net_conv2d_conv2d_readvariableop_resource: (_Arg): /job:localhost/replica:0/task:0/device:GPU:0
mlb_res_net_batch_normalization_readvariableop_resource: (_Arg): /job:localhost/replica:0/task:0/device:GPU:0
mlb_res_net_batch_normalization_readvariableop_1_resource: (_Arg): /job:localhost/replica:0/task:0/device:GPU:0
mlb_res_net_batch_normalization_fusedbatchnormv3_readvariableop_resource: (_Arg): /job:localhost/replica:0/task:0/device:GPU:0
mlb_res_net_batch_normalization_fusedbatchnormv3_readvariableop_1_resource: (_Arg): /job:localhost/replica:0/task:0/device:GPU:0
mlb_res_net_residual_block_conv2d_conv2d_readvariableop_resource: (_Arg): /job:localhost/replica:0/task:0/device:GPU:0
mlb_res_net_residual_block_batch_normalization_readvariableop_resource: (_Arg): /job:localhost/replica:0/task:0/device:GPU:0
mlb_res_net_residual_block_batch_normalization_readvariableop_1_resource: (_Arg): /job:localhost/replica:0/task:0/device:GPU:0
mlb_res_net_residual_block_batch_normalization_fusedbatchnormv3_readvariableop_resource: (_Arg): /job:localhost/replica:0/task:0/device:GPU:0
mlb_res_net_residual_block_batch_normalization_fusedbatchnormv3_readvariableop_1_resource: (_Arg): /job:localhost/replica:0/task:0/device:GPU:0
mlb_res_net_residual_block_conv2d_1_conv2d_readvariableop_resource: (_Arg): /job:localhost/replica:0/task:0/device:GPU:0
mlb_res_net_residual_block_batch_normalization_1_readvariableop_resource: (_Arg): /job:localhost/replica:0/task:0/device:GPU:0
mlb_res_net_residual_block_batch_normalization_1_readvariableop_1_resource: (_Arg): /job:localhost/replica:0/task:0/device:GPU:0
mlb_res_net_residual_block_batch_normalization_1_fusedbatchnormv3_readvariableop_resource: (_Arg): /job:localhost/replica:0/task:0/device:GPU:0
mlb_res_net_residual_block_batch_normalization_1_fusedbatchnormv3_readvariableop_1_resource: (_Arg): /job:localhost/replica:0/task:0/device:GPU:0
mlb_res_net_residual_block_conv2d_2_conv2d_readvariableop_resource: (_Arg): /job:localhost/replica:0/task:0/device:GPU:0
mlb_res_net_residual_block_batch_normalization_2_readvariableop_resource: (_Arg): /job:localhost/replica:0/task:0/device:GPU:0
mlb_res_net_residual_block_batch_normalization_2_readvariableop_1_resource: (_Arg): /job:localhost/replica:0/task:0/device:GPU:0
mlb_res_net_residual_block_batch_normalization_2_fusedbatchnormv3_readvariableop_resource: (_Arg): /job:localhost/replica:0/task:0/device:GPU:0
mlb_res_net_residual_block_batch_normalization_2_fusedbatchnormv3_readvariableop_1_resource: (_Arg): /job:localhost/replica:0/task:0/device:GPU:0
mlb_res_net_residual_block_1_conv2d_conv2d_readvariableop_resource: (_Arg): /job:localhost/replica:0/task:0/device:GPU:0
mlb_res_net_residual_block_1_batch_normalization_readvariableop_resource: (_Arg): /job:localhost/replica:0/task:0/device:GPU:0
mlb_res_net_residual_block_1_batch_normalization_readvariableop_1_resource: (_Arg): /job:localhost/replica:0/task:0/device:GPU:0
mlb_res_net_residual_block_1_batch_normalization_fusedbatchnormv3_readvariableop_resource: (_Arg): /job:localhost/replica:0/task:0/device:GPU:0
mlb_res_net_residual_block_1_batch_normalization_fusedbatchnormv3_readvariableop_1_resource: (_Arg): /job:localhost/replica:0/task:0/device:GPU:0
mlb_res_net_residual_block_1_conv2d_1_conv2d_readvariableop_resource: (_Arg): /job:localhost/replica:0/task:0/device:GPU:0
mlb_res_net_residual_block_1_batch_normalization_1_readvariableop_resource: (_Arg): /job:localhost/replica:0/task:0/device:GPU:0
mlb_res_net_residual_block_1_batch_normalization_1_readvariableop_1_resource: (_Arg): /job:localhost/replica:0/task:0/device:GPU:0
mlb_res_net_residual_block_1_batch_normalization_1_fusedbatchnormv3_readvariableop_resource: (_Arg): /job:localhost/replica:0/task:0/device:GPU:0
mlb_res_net_residual_block_1_batch_normalization_1_fusedbatchnormv3_readvariableop_1_resource: (_Arg): /job:localhost/replica:0/task:0/device:GPU:0
mlb_res_net_residual_block_1_conv2d_2_conv2d_readvariableop_resource: (_Arg): /job:localhost/replica:0/task:0/device:GPU:0
mlb_res_net_residual_block_1_batch_normalization_2_readvariableop_resource: (_Arg): /job:localhost/replica:0/task:0/device:GPU:0
mlb_res_net_residual_block_1_batch_normalization_2_readvariableop_1_resource: (_Arg): /job:localhost/replica:0/task:0/device:GPU:0
mlb_res_net_residual_block_1_batch_normalization_2_fusedbatchnormv3_readvariableop_resource: (_Arg): /job:localhost/replica:0/task:0/device:GPU:0
mlb_res_net_residual_block_1_batch_normalization_2_fusedbatchnormv3_readvariableop_1_resource: (_Arg): /job:localhost/replica:0/task:0/device:GPU:0
mlb_res_net_residual_block_2_conv2d_conv2d_readvariableop_resource: (_Arg): /job:localhost/replica:0/task:0/device:GPU:0
mlb_res_net_residual_block_2_batch_normalization_readvariableop_resource: (_Arg): /job:localhost/replica:0/task:0/device:GPU:0
mlb_res_net_residual_block_2_batch_normalization_readvariableop_1_resource: (_Arg): /job:localhost/replica:0/task:0/device:GPU:0
mlb_res_net_residual_block_2_batch_normalization_fusedbatchnormv3_readvariableop_resource: (_Arg): /job:localhost/replica:0/task:0/device:GPU:0
mlb_res_net_residual_block_2_batch_normalization_fusedbatchnormv3_readvariableop_1_resource: (_Arg): /job:localhost/replica:0/task:0/device:GPU:0
mlb_res_net_residual_block_2_conv2d_1_conv2d_readvariableop_resource: (_Arg): /job:localhost/replica:0/task:0/device:GPU:0
mlb_res_net_residual_block_2_batch_normalization_1_readvariableop_resource: (_Arg): /job:localhost/replica:0/task:0/device:GPU:0
mlb_res_net_residual_block_2_batch_normalization_1_readvariableop_1_resource: (_Arg): /job:localhost/replica:0/task:0/device:GPU:0
mlb_res_net_residual_block_2_batch_normalization_1_fusedbatchnormv3_readvariableop_resource: (_Arg): /job:localhost/replica:0/task:0/device:GPU:0
mlb_res_net_residual_block_2_batch_normalization_1_fusedbatchnormv3_readvariableop_1_resource: (_Arg): /job:localhost/replica:0/task:0/device:GPU:0
mlb_res_net_residual_block_2_conv2d_2_conv2d_readvariableop_resource: (_Arg): /job:localhost/replica:0/task:0/device:GPU:0
mlb_res_net_residual_block_2_batch_normalization_2_readvariableop_resource: (_Arg): /job:localhost/replica:0/task:0/device:GPU:0
mlb_res_net_residual_block_2_batch_normalization_2_readvariableop_1_resource: (_Arg): /job:localhost/replica:0/task:0/device:GPU:0
mlb_res_net_residual_block_2_batch_normalization_2_fusedbatchnormv3_readvariableop_resource: (_Arg): /job:localhost/replica:0/task:0/device:GPU:0
mlb_res_net_residual_block_2_batch_normalization_2_fusedbatchnormv3_readvariableop_1_resource: (_Arg): /job:localhost/replica:0/task:0/device:GPU:0
mlb_res_net_residual_block_3_conv2d_conv2d_readvariableop_resource: (_Arg): /job:localhost/replica:0/task:0/device:GPU:0
mlb_res_net_residual_block_3_batch_normalization_readvariableop_resource: (_Arg): /job:localhost/replica:0/task:0/device:GPU:0
mlb_res_net_residual_block_3_batch_normalization_readvariableop_1_resource: (_Arg): /job:localhost/replica:0/task:0/device:GPU:0
mlb_res_net_residual_block_3_batch_normalization_fusedbatchnormv3_readvariableop_resource: (_Arg): /job:localhost/replica:0/task:0/device:GPU:0
mlb_res_net_residual_block_3_batch_normalization_fusedbatchnormv3_readvariableop_1_resource: (_Arg): /job:localhost/replica:0/task:0/device:GPU:0
mlb_res_net_residual_block_3_conv2d_1_conv2d_readvariableop_resource: (_Arg): /job:localhost/replica:0/task:0/device:GPU:0
mlb_res_net_residual_block_3_batch_normalization_1_readvariableop_resource: (_Arg): /job:localhost/replica:0/task:0/device:GPU:0
mlb_res_net_residual_block_3_batch_normalization_1_readvariableop_1_resource: (_Arg): /job:localhost/replica:0/task:0/device:GPU:0
mlb_res_net_residual_block_3_batch_normalization_1_fusedbatchnormv3_readvariableop_resource: (_Arg): /job:localhost/replica:0/task:0/device:GPU:0
mlb_res_net_residual_block_3_batch_normalization_1_fusedbatchnormv3_readvariableop_1_resource: (_Arg): /job:localhost/replica:0/task:0/device:GPU:0
mlb_res_net_residual_block_3_conv2d_2_conv2d_readvariableop_resource: (_Arg): /job:localhost/replica:0/task:0/device:GPU:0
mlb_res_net_residual_block_3_batch_normalization_2_readvariableop_resource: (_Arg): /job:localhost/replica:0/task:0/device:GPU:0
mlb_res_net_residual_block_3_batch_normalization_2_readvariableop_1_resource: (_Arg): /job:localhost/replica:0/task:0/device:GPU:0
mlb_res_net_residual_block_3_batch_normalization_2_fusedbatchnormv3_readvariableop_resource: (_Arg): /job:localhost/replica:0/task:0/device:GPU:0
mlb_res_net_residual_block_3_batch_normalization_2_fusedbatchnormv3_readvariableop_1_resource: (_Arg): /job:localhost/replica:0/task:0/device:GPU:0
mlb_res_net_dense_matmul_readvariableop_resource: (_Arg): /job:localhost/replica:0/task:0/device:GPU:0
mlb_res_net_dense_biasadd_readvariableop_resource: (_Arg): /job:localhost/replica:0/task:0/device:GPU:0
one_hot: (OneHot): /job:localhost/replica:0/task:0/device:GPU:0
mlb_res_net/conv2d/Conv2D/ReadVariableOp: (ReadVariableOp): /job:localhost/replica:0/task:0/device:GPU:0
mlb_res_net/conv2d/Conv2D: (Conv2D): /job:localhost/replica:0/task:0/device:GPU:0
mlb_res_net/batch_normalization/ReadVariableOp: (ReadVariableOp): /job:localhost/replica:0/task:0/device:GPU:0
mlb_res_net/batch_normalization/ReadVariableOp_1: (ReadVariableOp): /job:localhost/replica:0/task:0/device:GPU:0
mlb_res_net/batch_normalization/FusedBatchNormV3/ReadVariableOp: (ReadVariableOp): /job:localhost/replica:0/task:0/device:GPU:0
mlb_res_net/batch_normalization/FusedBatchNormV3/ReadVariableOp_1: (ReadVariableOp): /job:localhost/replica:0/task:0/device:GPU:0
mlb_res_net/batch_normalization/FusedBatchNormV3: (FusedBatchNormV3): /job:localhost/replica:0/task:0/device:GPU:0
mlb_res_net/activation/Relu: (Relu): /job:localhost/replica:0/task:0/device:GPU:0
mlb_res_net/max_pooling2d/MaxPool: (MaxPool): /job:localhost/replica:0/task:0/device:GPU:0
mlb_res_net/residual_block/conv2d/Conv2D/ReadVariableOp: (ReadVariableOp): /job:localhost/replica:0/task:0/device:GPU:0
mlb_res_net/residual_block/conv2d/Conv2D: (Conv2D): /job:localhost/replica:0/task:0/device:GPU:0
mlb_res_net/residual_block/batch_normalization/ReadVariableOp: (ReadVariableOp): /job:localhost/replica:0/task:0/device:GPU:0
mlb_res_net/residual_block/batch_normalization/ReadVariableOp_1: (ReadVariableOp): /job:localhost/replica:0/task:0/device:GPU:0
mlb_res_net/residual_block/batch_normalization/FusedBatchNormV3/ReadVariableOp: (ReadVariableOp): /job:localhost/replica:0/task:0/device:GPU:0
mlb_res_net/residual_block/batch_normalization/FusedBatchNormV3/ReadVariableOp_1: (ReadVariableOp): /job:localhost/replica:0/task:0/device:GPU:0
mlb_res_net/residual_block/batch_normalization/FusedBatchNormV3: (FusedBatchNormV3): /job:localhost/replica:0/task:0/device:GPU:0
mlb_res_net/residual_block/conv2d_1/Conv2D/ReadVariableOp: (ReadVariableOp): /job:localhost/replica:0/task:0/device:GPU:0
mlb_res_net/residual_block/conv2d_1/Conv2D: (Conv2D): /job:localhost/replica:0/task:0/device:GPU:0
mlb_res_net/residual_block/batch_normalization_1/ReadVariableOp: (ReadVariableOp): /job:localhost/replica:0/task:0/device:GPU:0
mlb_res_net/residual_block/batch_normalization_1/ReadVariableOp_1: (ReadVariableOp): /job:localhost/replica:0/task:0/device:GPU:0
mlb_res_net/residual_block/batch_normalization_1/FusedBatchNormV3/ReadVariableOp: (ReadVariableOp): /job:localhost/replica:0/task:0/device:GPU:0
mlb_res_net/residual_block/batch_normalization_1/FusedBatchNormV3/ReadVariableOp_1: (ReadVariableOp): /job:localhost/replica:0/task:0/device:GPU:0
mlb_res_net/residual_block/batch_normalization_1/FusedBatchNormV3: (FusedBatchNormV3): /job:localhost/replica:0/task:0/device:GPU:0
mlb_res_net/residual_block/Relu: (Relu): /job:localhost/replica:0/task:0/device:GPU:0
mlb_res_net/residual_block/conv2d_2/Conv2D/ReadVariableOp: (ReadVariableOp): /job:localhost/replica:0/task:0/device:GPU:0
mlb_res_net/residual_block/conv2d_2/Conv2D: (Conv2D): /job:localhost/replica:0/task:0/device:GPU:0
mlb_res_net/residual_block/batch_normalization_2/ReadVariableOp: (ReadVariableOp): /job:localhost/replica:0/task:0/device:GPU:0
mlb_res_net/residual_block/batch_normalization_2/ReadVariableOp_1: (ReadVariableOp): /job:localhost/replica:0/task:0/device:GPU:0
mlb_res_net/residual_block/batch_normalization_2/FusedBatchNormV3/ReadVariableOp: (ReadVariableOp): /job:localhost/replica:0/task:0/device:GPU:0
mlb_res_net/residual_block/batch_normalization_2/FusedBatchNormV3/ReadVariableOp_1: (ReadVariableOp): /job:localhost/replica:0/task:0/device:GPU:0
mlb_res_net/residual_block/batch_normalization_2/FusedBatchNormV3: (FusedBatchNormV3): /job:localhost/replica:0/task:0/device:GPU:0
mlb_res_net/residual_block/add: (AddV2): /job:localhost/replica:0/task:0/device:GPU:0
mlb_res_net/residual_block/Relu_1: (Relu): /job:localhost/replica:0/task:0/device:GPU:0
mlb_res_net/residual_block_1/conv2d/Conv2D/ReadVariableOp: (ReadVariableOp): /job:localhost/replica:0/task:0/device:GPU:0
mlb_res_net/residual_block_1/conv2d/Conv2D: (Conv2D): /job:localhost/replica:0/task:0/device:GPU:0
mlb_res_net/residual_block_1/batch_normalization/ReadVariableOp: (ReadVariableOp): /job:localhost/replica:0/task:0/device:GPU:0
mlb_res_net/residual_block_1/batch_normalization/ReadVariableOp_1: (ReadVariableOp): /job:localhost/replica:0/task:0/device:GPU:0
mlb_res_net/residual_block_1/batch_normalization/FusedBatchNormV3/ReadVariableOp: (ReadVariableOp): /job:localhost/replica:0/task:0/device:GPU:0
mlb_res_net/residual_block_1/batch_normalization/FusedBatchNormV3/ReadVariableOp_1: (ReadVariableOp): /job:localhost/replica:0/task:0/device:GPU:0
mlb_res_net/residual_block_1/batch_normalization/FusedBatchNormV3: (FusedBatchNormV3): /job:localhost/replica:0/task:0/device:GPU:0
mlb_res_net/residual_block_1/conv2d_1/Conv2D/ReadVariableOp: (ReadVariableOp): /job:localhost/replica:0/task:0/device:GPU:0
mlb_res_net/residual_block_1/conv2d_1/Conv2D: (Conv2D): /job:localhost/replica:0/task:0/device:GPU:0
mlb_res_net/residual_block_1/batch_normalization_1/ReadVariableOp: (ReadVariableOp): /job:localhost/replica:0/task:0/device:GPU:0
mlb_res_net/residual_block_1/batch_normalization_1/ReadVariableOp_1: (ReadVariableOp): /job:localhost/replica:0/task:0/device:GPU:0
mlb_res_net/residual_block_1/batch_normalization_1/FusedBatchNormV3/ReadVariableOp: (ReadVariableOp): /job:localhost/replica:0/task:0/device:GPU:0
mlb_res_net/residual_block_1/batch_normalization_1/FusedBatchNormV3/ReadVariableOp_1: (ReadVariableOp): /job:localhost/replica:0/task:0/device:GPU:0
mlb_res_net/residual_block_1/batch_normalization_1/FusedBatchNormV3: (FusedBatchNormV3): /job:localhost/replica:0/task:0/device:GPU:0
mlb_res_net/residual_block_1/Relu: (Relu): /job:localhost/replica:0/task:0/device:GPU:0
mlb_res_net/residual_block_1/conv2d_2/Conv2D/ReadVariableOp: (ReadVariableOp): /job:localhost/replica:0/task:0/device:GPU:0
mlb_res_net/residual_block_1/conv2d_2/Conv2D: (Conv2D): /job:localhost/replica:0/task:0/device:GPU:0
mlb_res_net/residual_block_1/batch_normalization_2/ReadVariableOp: (ReadVariableOp): /job:localhost/replica:0/task:0/device:GPU:0
mlb_res_net/residual_block_1/batch_normalization_2/ReadVariableOp_1: (ReadVariableOp): /job:localhost/replica:0/task:0/device:GPU:0
mlb_res_net/residual_block_1/batch_normalization_2/FusedBatchNormV3/ReadVariableOp: (ReadVariableOp): /job:localhost/replica:0/task:0/device:GPU:0
mlb_res_net/residual_block_1/batch_normalization_2/FusedBatchNormV3/ReadVariableOp_1: (ReadVariableOp): /job:localhost/replica:0/task:0/device:GPU:0
mlb_res_net/residual_block_1/batch_normalization_2/FusedBatchNormV3: (FusedBatchNormV3): /job:localhost/replica:0/task:0/device:GPU:0
mlb_res_net/residual_block_1/add: (AddV2): /job:localhost/replica:0/task:0/device:GPU:0
mlb_res_net/residual_block_1/Relu_1: (Relu): /job:localhost/replica:0/task:0/device:GPU:0
mlb_res_net/residual_block_2/conv2d/Conv2D/ReadVariableOp: (ReadVariableOp): /job:localhost/replica:0/task:0/device:GPU:0
mlb_res_net/residual_block_2/conv2d/Conv2D: (Conv2D): /job:localhost/replica:0/task:0/device:GPU:0
mlb_res_net/residual_block_2/batch_normalization/ReadVariableOp: (ReadVariableOp): /job:localhost/replica:0/task:0/device:GPU:0
mlb_res_net/residual_block_2/batch_normalization/ReadVariableOp_1: (ReadVariableOp): /job:localhost/replica:0/task:0/device:GPU:0
mlb_res_net/residual_block_2/batch_normalization/FusedBatchNormV3/ReadVariableOp: (ReadVariableOp): /job:localhost/replica:0/task:0/device:GPU:0
mlb_res_net/residual_block_2/batch_normalization/FusedBatchNormV3/ReadVariableOp_1: (ReadVariableOp): /job:localhost/replica:0/task:0/device:GPU:0
mlb_res_net/residual_block_2/batch_normalization/FusedBatchNormV3: (FusedBatchNormV3): /job:localhost/replica:0/task:0/device:GPU:0
mlb_res_net/residual_block_2/conv2d_1/Conv2D/ReadVariableOp: (ReadVariableOp): /job:localhost/replica:0/task:0/device:GPU:0
mlb_res_net/residual_block_2/conv2d_1/Conv2D: (Conv2D): /job:localhost/replica:0/task:0/device:GPU:0
mlb_res_net/residual_block_2/batch_normalization_1/ReadVariableOp: (ReadVariableOp): /job:localhost/replica:0/task:0/device:GPU:0
mlb_res_net/residual_block_2/batch_normalization_1/ReadVariableOp_1: (ReadVariableOp): /job:localhost/replica:0/task:0/device:GPU:0
mlb_res_net/residual_block_2/batch_normalization_1/FusedBatchNormV3/ReadVariableOp: (ReadVariableOp): /job:localhost/replica:0/task:0/device:GPU:0
mlb_res_net/residual_block_2/batch_normalization_1/FusedBatchNormV3/ReadVariableOp_1: (ReadVariableOp): /job:localhost/replica:0/task:0/device:GPU:0
mlb_res_net/residual_block_2/batch_normalization_1/FusedBatchNormV3: (FusedBatchNormV3): /job:localhost/replica:0/task:0/device:GPU:0
mlb_res_net/residual_block_2/Relu: (Relu): /job:localhost/replica:0/task:0/device:GPU:0
mlb_res_net/residual_block_2/conv2d_2/Conv2D/ReadVariableOp: (ReadVariableOp): /job:localhost/replica:0/task:0/device:GPU:0
mlb_res_net/residual_block_2/conv2d_2/Conv2D: (Conv2D): /job:localhost/replica:0/task:0/device:GPU:0
mlb_res_net/residual_block_2/batch_normalization_2/ReadVariableOp: (ReadVariableOp): /job:localhost/replica:0/task:0/device:GPU:0
mlb_res_net/residual_block_2/batch_normalization_2/ReadVariableOp_1: (ReadVariableOp): /job:localhost/replica:0/task:0/device:GPU:0
mlb_res_net/residual_block_2/batch_normalization_2/FusedBatchNormV3/ReadVariableOp: (ReadVariableOp): /job:localhost/replica:0/task:0/device:GPU:0
mlb_res_net/residual_block_2/batch_normalization_2/FusedBatchNormV3/ReadVariableOp_1: (ReadVariableOp): /job:localhost/replica:0/task:0/device:GPU:0
mlb_res_net/residual_block_2/batch_normalization_2/FusedBatchNormV3: (FusedBatchNormV3): /job:localhost/replica:0/task:0/device:GPU:0
mlb_res_net/residual_block_2/add: (AddV2): /job:localhost/replica:0/task:0/device:GPU:0
mlb_res_net/residual_block_2/Relu_1: (Relu): /job:localhost/replica:0/task:0/device:GPU:0
mlb_res_net/residual_block_3/conv2d/Conv2D/ReadVariableOp: (ReadVariableOp): /job:localhost/replica:0/task:0/device:GPU:0
mlb_res_net/residual_block_3/conv2d/Conv2D: (Conv2D): /job:localhost/replica:0/task:0/device:GPU:0
mlb_res_net/residual_block_3/batch_normalization/ReadVariableOp: (ReadVariableOp): /job:localhost/replica:0/task:0/device:GPU:0
mlb_res_net/residual_block_3/batch_normalization/ReadVariableOp_1: (ReadVariableOp): /job:localhost/replica:0/task:0/device:GPU:0
mlb_res_net/residual_block_3/batch_normalization/FusedBatchNormV3/ReadVariableOp: (ReadVariableOp): /job:localhost/replica:0/task:0/device:GPU:0
mlb_res_net/residual_block_3/batch_normalization/FusedBatchNormV3/ReadVariableOp_1: (ReadVariableOp): /job:localhost/replica:0/task:0/device:GPU:0
mlb_res_net/residual_block_3/batch_normalization/FusedBatchNormV3: (FusedBatchNormV3): /job:localhost/replica:0/task:0/device:GPU:0
mlb_res_net/residual_block_3/conv2d_1/Conv2D/ReadVariableOp: (ReadVariableOp): /job:localhost/replica:0/task:0/device:GPU:0
mlb_res_net/residual_block_3/conv2d_1/Conv2D: (Conv2D): /job:localhost/replica:0/task:0/device:GPU:0
mlb_res_net/residual_block_3/batch_normalization_1/ReadVariableOp: (ReadVariableOp): /job:localhost/replica:0/task:0/device:GPU:0
mlb_res_net/residual_block_3/batch_normalization_1/ReadVariableOp_1: (ReadVariableOp): /job:localhost/replica:0/task:0/device:GPU:0
mlb_res_net/residual_block_3/batch_normalization_1/FusedBatchNormV3/ReadVariableOp: (ReadVariableOp): /job:localhost/replica:0/task:0/device:GPU:0
mlb_res_net/residual_block_3/batch_normalization_1/FusedBatchNormV3/ReadVariableOp_1: (ReadVariableOp): /job:localhost/replica:0/task:0/device:GPU:0
mlb_res_net/residual_block_3/batch_normalization_1/FusedBatchNormV3: (FusedBatchNormV3): /job:localhost/replica:0/task:0/device:GPU:0
mlb_res_net/residual_block_3/Relu: (Relu): /job:localhost/replica:0/task:0/device:GPU:0
mlb_res_net/residual_block_3/conv2d_2/Conv2D/ReadVariableOp: (ReadVariableOp): /job:localhost/replica:0/task:0/device:GPU:0
mlb_res_net/residual_block_3/conv2d_2/Conv2D: (Conv2D): /job:localhost/replica:0/task:0/device:GPU:0
mlb_res_net/residual_block_3/batch_normalization_2/ReadVariableOp: (ReadVariableOp): /job:localhost/replica:0/task:0/device:GPU:0
mlb_res_net/residual_block_3/batch_normalization_2/ReadVariableOp_1: (ReadVariableOp): /job:localhost/replica:0/task:0/device:GPU:0
mlb_res_net/residual_block_3/batch_normalization_2/FusedBatchNormV3/ReadVariableOp: (ReadVariableOp): /job:localhost/replica:0/task:0/device:GPU:0
mlb_res_net/residual_block_3/batch_normalization_2/FusedBatchNormV3/ReadVariableOp_1: (ReadVariableOp): /job:localhost/replica:0/task:0/device:GPU:0
mlb_res_net/residual_block_3/batch_normalization_2/FusedBatchNormV3: (FusedBatchNormV3): /job:localhost/replica:0/task:0/device:GPU:0
mlb_res_net/residual_block_3/add: (AddV2): /job:localhost/replica:0/task:0/device:GPU:0
mlb_res_net/residual_block_3/Relu_1: (Relu): /job:localhost/replica:0/task:0/device:GPU:0
mlb_res_net/global_average_pooling2d/Mean: (Mean): /job:localhost/replica:0/task:0/device:GPU:0
mlb_res_net/dropout/Identity: (Identity): /job:localhost/replica:0/task:0/device:GPU:0
mlb_res_net/dense/MatMul/ReadVariableOp: (ReadVariableOp): /job:localhost/replica:0/task:0/device:GPU:0
mlb_res_net/dense/MatMul: (MatMul): /job:localhost/replica:0/task:0/device:GPU:0
mlb_res_net/dense/BiasAdd/ReadVariableOp: (ReadVariableOp): /job:localhost/replica:0/task:0/device:GPU:0
mlb_res_net/dense/BiasAdd: (BiasAdd): /job:localhost/replica:0/task:0/device:GPU:0
categorical_crossentropy/softmax_cross_entropy_with_logits/Sub: (Sub): /job:localhost/replica:0/task:0/device:GPU:0
categorical_crossentropy/softmax_cross_entropy_with_logits/Slice/begin: (Pack): /job:localhost/replica:0/task:0/device:GPU:0
categorical_crossentropy/softmax_cross_entropy_with_logits/Slice: (Slice): /job:localhost/replica:0/task:0/device:GPU:0
categorical_crossentropy/softmax_cross_entropy_with_logits/concat: (ConcatV2): /job:localhost/replica:0/task:0/device:GPU:0
categorical_crossentropy/softmax_cross_entropy_with_logits/Reshape: (Reshape): /job:localhost/replica:0/task:0/device:GPU:0
categorical_crossentropy/softmax_cross_entropy_with_logits/Sub_1: (Sub): /job:localhost/replica:0/task:0/device:GPU:0
categorical_crossentropy/softmax_cross_entropy_with_logits/Slice_1/begin: (Pack): /job:localhost/replica:0/task:0/device:GPU:0
categorical_crossentropy/softmax_cross_entropy_with_logits/Slice_1: (Slice): /job:localhost/replica:0/task:0/device:GPU:0
categorical_crossentropy/softmax_cross_entropy_with_logits/concat_1: (ConcatV2): /job:localhost/replica:0/task:0/device:GPU:0
categorical_crossentropy/softmax_cross_entropy_with_logits/Reshape_1: (Reshape): /job:localhost/replica:0/task:0/device:GPU:0
categorical_crossentropy/softmax_cross_entropy_with_logits: (SoftmaxCrossEntropyWithLogits): /job:localhost/replica:0/task:0/device:GPU:0
categorical_crossentropy/softmax_cross_entropy_with_logits/Sub_2: (Sub): /job:localhost/replica:0/task:0/device:GPU:0
categorical_crossentropy/softmax_cross_entropy_with_logits/Slice_2/size: (Pack): /job:localhost/replica:0/task:0/device:GPU:0
categorical_crossentropy/softmax_cross_entropy_with_logits/Slice_2: (Slice): /job:localhost/replica:0/task:0/device:GPU:0
categorical_crossentropy/softmax_cross_entropy_with_logits/Reshape_2: (Reshape): /job:localhost/replica:0/task:0/device:GPU:0
categorical_crossentropy/weighted_loss/Mul: (Mul): /job:localhost/replica:0/task:0/device:GPU:0
categorical_crossentropy/weighted_loss/Sum: (Sum): /job:localhost/replica:0/task:0/device:GPU:0
categorical_crossentropy/weighted_loss/num_elements/Cast: (Cast): /job:localhost/replica:0/task:0/device:GPU:0
categorical_crossentropy/weighted_loss/range: (Range): /job:localhost/replica:0/task:0/device:GPU:0
categorical_crossentropy/weighted_loss/Sum_1: (Sum): /job:localhost/replica:0/task:0/device:GPU:0
categorical_crossentropy/weighted_loss/value: (DivNoNan): /job:localhost/replica:0/task:0/device:GPU:0
range: (Range): /job:localhost/replica:0/task:0/device:GPU:0
Sum: (Sum): /job:localhost/replica:0/task:0/device:GPU:0
Cast: (Cast): /job:localhost/replica:0/task:0/device:GPU:0
div_no_nan: (DivNoNan): /job:localhost/replica:0/task:0/device:GPU:0
gradient_tape/div_no_nan/div_no_nan: (DivNoNan): /job:localhost/replica:0/task:0/device:GPU:0
gradient_tape/div_no_nan/Neg: (Neg): /job:localhost/replica:0/task:0/device:GPU:0
gradient_tape/div_no_nan/div_no_nan_1: (DivNoNan): /job:localhost/replica:0/task:0/device:GPU:0
gradient_tape/div_no_nan/div_no_nan_2: (DivNoNan): /job:localhost/replica:0/task:0/device:GPU:0
gradient_tape/div_no_nan/mul: (Mul): /job:localhost/replica:0/task:0/device:GPU:0
gradient_tape/Reshape: (Reshape): /job:localhost/replica:0/task:0/device:GPU:0
gradient_tape/Tile: (Tile): /job:localhost/replica:0/task:0/device:GPU:0
gradient_tape/categorical_crossentropy/weighted_loss/value/div_no_nan: (DivNoNan): /job:localhost/replica:0/task:0/device:GPU:0
gradient_tape/categorical_crossentropy/weighted_loss/value/Neg: (Neg): /job:localhost/replica:0/task:0/device:GPU:0
gradient_tape/categorical_crossentropy/weighted_loss/value/div_no_nan_1: (DivNoNan): /job:localhost/replica:0/task:0/device:GPU:0
gradient_tape/categorical_crossentropy/weighted_loss/value/div_no_nan_2: (DivNoNan): /job:localhost/replica:0/task:0/device:GPU:0
gradient_tape/categorical_crossentropy/weighted_loss/value/mul: (Mul): /job:localhost/replica:0/task:0/device:GPU:0
gradient_tape/categorical_crossentropy/weighted_loss/Reshape: (Reshape): /job:localhost/replica:0/task:0/device:GPU:0
gradient_tape/categorical_crossentropy/weighted_loss/Tile: (Tile): /job:localhost/replica:0/task:0/device:GPU:0
gradient_tape/categorical_crossentropy/weighted_loss/Reshape_1: (Reshape): /job:localhost/replica:0/task:0/device:GPU:0
gradient_tape/categorical_crossentropy/weighted_loss/Tile_1: (Tile): /job:localhost/replica:0/task:0/device:GPU:0
gradient_tape/categorical_crossentropy/weighted_loss/Mul: (Mul): /job:localhost/replica:0/task:0/device:GPU:0
gradient_tape/categorical_crossentropy/softmax_cross_entropy_with_logits/Reshape: (Reshape): /job:localhost/replica:0/task:0/device:GPU:0
gradient_tape/categorical_crossentropy/softmax_cross_entropy_with_logits/ExpandDims: (ExpandDims): /job:localhost/replica:0/task:0/device:GPU:0
gradient_tape/categorical_crossentropy/softmax_cross_entropy_with_logits/mul: (Mul): /job:localhost/replica:0/task:0/device:GPU:0
gradient_tape/categorical_crossentropy/softmax_cross_entropy_with_logits/LogSoftmax: (LogSoftmax): /job:localhost/replica:0/task:0/device:GPU:0
gradient_tape/categorical_crossentropy/softmax_cross_entropy_with_logits/Neg: (Neg): /job:localhost/replica:0/task:0/device:GPU:0
gradient_tape/categorical_crossentropy/softmax_cross_entropy_with_logits/ExpandDims_1: (ExpandDims): /job:localhost/replica:0/task:0/device:GPU:0
gradient_tape/categorical_crossentropy/softmax_cross_entropy_with_logits/mul_1: (Mul): /job:localhost/replica:0/task:0/device:GPU:0
gradient_tape/categorical_crossentropy/softmax_cross_entropy_with_logits/Reshape_1: (Reshape): /job:localhost/replica:0/task:0/device:GPU:0
gradient_tape/mlb_res_net/dense/BiasAdd/BiasAddGrad: (BiasAddGrad): /job:localhost/replica:0/task:0/device:GPU:0
gradient_tape/mlb_res_net/dense/MatMul/MatMul: (MatMul): /job:localhost/replica:0/task:0/device:GPU:0
gradient_tape/mlb_res_net/dense/MatMul/MatMul_1: (MatMul): /job:localhost/replica:0/task:0/device:GPU:0
gradient_tape/mlb_res_net/global_average_pooling2d/Maximum: (Maximum): /job:localhost/replica:0/task:0/device:GPU:0
gradient_tape/mlb_res_net/global_average_pooling2d/floordiv: (FloorDiv): /job:localhost/replica:0/task:0/device:GPU:0
gradient_tape/mlb_res_net/global_average_pooling2d/Reshape: (Reshape): /job:localhost/replica:0/task:0/device:GPU:0
gradient_tape/mlb_res_net/global_average_pooling2d/Tile: (Tile): /job:localhost/replica:0/task:0/device:GPU:0
gradient_tape/mlb_res_net/global_average_pooling2d/truediv: (RealDiv): /job:localhost/replica:0/task:0/device:GPU:0
gradient_tape/mlb_res_net/residual_block_3/ReluGrad: (ReluGrad): /job:localhost/replica:0/task:0/device:GPU:0
zeros_like: (ZerosLike): /job:localhost/replica:0/task:0/device:GPU:0
gradient_tape/mlb_res_net/residual_block_3/batch_normalization_2/FusedBatchNormGradV3: (FusedBatchNormGradV3): /job:localhost/replica:0/task:0/device:GPU:0
zeros_like_1: (ZerosLike): /job:localhost/replica:0/task:0/device:GPU:0
gradient_tape/mlb_res_net/residual_block_3/batch_normalization/FusedBatchNormGradV3: (FusedBatchNormGradV3): /job:localhost/replica:0/task:0/device:GPU:0
gradient_tape/mlb_res_net/residual_block_3/conv2d_2/Conv2D/ShapeN: (ShapeN): /job:localhost/replica:0/task:0/device:GPU:0
gradient_tape/mlb_res_net/residual_block_3/conv2d_2/Conv2D/Conv2DBackpropInput: (Conv2DBackpropInput): /job:localhost/replica:0/task:0/device:GPU:0
gradient_tape/mlb_res_net/residual_block_3/conv2d_2/Conv2D/Conv2DBackpropFilter: (Conv2DBackpropFilter): /job:localhost/replica:0/task:0/device:GPU:0
gradient_tape/mlb_res_net/residual_block_3/conv2d/Conv2D/ShapeN: (ShapeN): /job:localhost/replica:0/task:0/device:GPU:0
gradient_tape/mlb_res_net/residual_block_3/conv2d/Conv2D/Conv2DBackpropInput: (Conv2DBackpropInput): /job:localhost/replica:0/task:0/device:GPU:0
gradient_tape/mlb_res_net/residual_block_3/conv2d/Conv2D/Conv2DBackpropFilter: (Conv2DBackpropFilter): /job:localhost/replica:0/task:0/device:GPU:0
gradient_tape/mlb_res_net/residual_block_3/ReluGrad_1: (ReluGrad): /job:localhost/replica:0/task:0/device:GPU:0
zeros_like_2: (ZerosLike): /job:localhost/replica:0/task:0/device:GPU:0
gradient_tape/mlb_res_net/residual_block_3/batch_normalization_1/FusedBatchNormGradV3: (FusedBatchNormGradV3): /job:localhost/replica:0/task:0/device:GPU:0
gradient_tape/mlb_res_net/residual_block_3/conv2d_1/Conv2D/ShapeN: (ShapeN): /job:localhost/replica:0/task:0/device:GPU:0
gradient_tape/mlb_res_net/residual_block_3/conv2d_1/Conv2D/Conv2DBackpropInput: (Conv2DBackpropInput): /job:localhost/replica:0/task:0/device:GPU:0
gradient_tape/mlb_res_net/residual_block_3/conv2d_1/Conv2D/Conv2DBackpropFilter: (Conv2DBackpropFilter): /job:localhost/replica:0/task:0/device:GPU:0
AddN: (AddN): /job:localhost/replica:0/task:0/device:GPU:0
gradient_tape/mlb_res_net/residual_block_2/ReluGrad: (ReluGrad): /job:localhost/replica:0/task:0/device:GPU:0
zeros_like_3: (ZerosLike): /job:localhost/replica:0/task:0/device:GPU:0
gradient_tape/mlb_res_net/residual_block_2/batch_normalization_2/FusedBatchNormGradV3: (FusedBatchNormGradV3): /job:localhost/replica:0/task:0/device:GPU:0
zeros_like_4: (ZerosLike): /job:localhost/replica:0/task:0/device:GPU:0
gradient_tape/mlb_res_net/residual_block_2/batch_normalization/FusedBatchNormGradV3: (FusedBatchNormGradV3): /job:localhost/replica:0/task:0/device:GPU:0
gradient_tape/mlb_res_net/residual_block_2/conv2d_2/Conv2D/ShapeN: (ShapeN): /job:localhost/replica:0/task:0/device:GPU:0
gradient_tape/mlb_res_net/residual_block_2/conv2d_2/Conv2D/Conv2DBackpropInput: (Conv2DBackpropInput): /job:localhost/replica:0/task:0/device:GPU:0
gradient_tape/mlb_res_net/residual_block_2/conv2d_2/Conv2D/Conv2DBackpropFilter: (Conv2DBackpropFilter): /job:localhost/replica:0/task:0/device:GPU:0
gradient_tape/mlb_res_net/residual_block_2/conv2d/Conv2D/ShapeN: (ShapeN): /job:localhost/replica:0/task:0/device:GPU:0
gradient_tape/mlb_res_net/residual_block_2/conv2d/Conv2D/Conv2DBackpropInput: (Conv2DBackpropInput): /job:localhost/replica:0/task:0/device:GPU:0
gradient_tape/mlb_res_net/residual_block_2/conv2d/Conv2D/Conv2DBackpropFilter: (Conv2DBackpropFilter): /job:localhost/replica:0/task:0/device:GPU:0
gradient_tape/mlb_res_net/residual_block_2/ReluGrad_1: (ReluGrad): /job:localhost/replica:0/task:0/device:GPU:0
zeros_like_5: (ZerosLike): /job:localhost/replica:0/task:0/device:GPU:0
gradient_tape/mlb_res_net/residual_block_2/batch_normalization_1/FusedBatchNormGradV3: (FusedBatchNormGradV3): /job:localhost/replica:0/task:0/device:GPU:0
gradient_tape/mlb_res_net/residual_block_2/conv2d_1/Conv2D/ShapeN: (ShapeN): /job:localhost/replica:0/task:0/device:GPU:0
gradient_tape/mlb_res_net/residual_block_2/conv2d_1/Conv2D/Conv2DBackpropInput: (Conv2DBackpropInput): /job:localhost/replica:0/task:0/device:GPU:0
gradient_tape/mlb_res_net/residual_block_2/conv2d_1/Conv2D/Conv2DBackpropFilter: (Conv2DBackpropFilter): /job:localhost/replica:0/task:0/device:GPU:0
AddN_1: (AddN): /job:localhost/replica:0/task:0/device:GPU:0
gradient_tape/mlb_res_net/residual_block_1/ReluGrad: (ReluGrad): /job:localhost/replica:0/task:0/device:GPU:0
zeros_like_6: (ZerosLike): /job:localhost/replica:0/task:0/device:GPU:0
gradient_tape/mlb_res_net/residual_block_1/batch_normalization_2/FusedBatchNormGradV3: (FusedBatchNormGradV3): /job:localhost/replica:0/task:0/device:GPU:0
zeros_like_7: (ZerosLike): /job:localhost/replica:0/task:0/device:GPU:0
gradient_tape/mlb_res_net/residual_block_1/batch_normalization/FusedBatchNormGradV3: (FusedBatchNormGradV3): /job:localhost/replica:0/task:0/device:GPU:0
gradient_tape/mlb_res_net/residual_block_1/conv2d_2/Conv2D/ShapeN: (ShapeN): /job:localhost/replica:0/task:0/device:GPU:0
gradient_tape/mlb_res_net/residual_block_1/conv2d_2/Conv2D/Conv2DBackpropInput: (Conv2DBackpropInput): /job:localhost/replica:0/task:0/device:GPU:0
gradient_tape/mlb_res_net/residual_block_1/conv2d_2/Conv2D/Conv2DBackpropFilter: (Conv2DBackpropFilter): /job:localhost/replica:0/task:0/device:GPU:0
gradient_tape/mlb_res_net/residual_block_1/conv2d/Conv2D/ShapeN: (ShapeN): /job:localhost/replica:0/task:0/device:GPU:0
gradient_tape/mlb_res_net/residual_block_1/conv2d/Conv2D/Conv2DBackpropInput: (Conv2DBackpropInput): /job:localhost/replica:0/task:0/device:GPU:0
gradient_tape/mlb_res_net/residual_block_1/conv2d/Conv2D/Conv2DBackpropFilter: (Conv2DBackpropFilter): /job:localhost/replica:0/task:0/device:GPU:0
gradient_tape/mlb_res_net/residual_block_1/ReluGrad_1: (ReluGrad): /job:localhost/replica:0/task:0/device:GPU:0
zeros_like_8: (ZerosLike): /job:localhost/replica:0/task:0/device:GPU:0
gradient_tape/mlb_res_net/residual_block_1/batch_normalization_1/FusedBatchNormGradV3: (FusedBatchNormGradV3): /job:localhost/replica:0/task:0/device:GPU:0
gradient_tape/mlb_res_net/residual_block_1/conv2d_1/Conv2D/ShapeN: (ShapeN): /job:localhost/replica:0/task:0/device:GPU:0
gradient_tape/mlb_res_net/residual_block_1/conv2d_1/Conv2D/Conv2DBackpropInput: (Conv2DBackpropInput): /job:localhost/replica:0/task:0/device:GPU:0
gradient_tape/mlb_res_net/residual_block_1/conv2d_1/Conv2D/Conv2DBackpropFilter: (Conv2DBackpropFilter): /job:localhost/replica:0/task:0/device:GPU:0
AddN_2: (AddN): /job:localhost/replica:0/task:0/device:GPU:0
gradient_tape/mlb_res_net/residual_block/ReluGrad: (ReluGrad): /job:localhost/replica:0/task:0/device:GPU:0
zeros_like_9: (ZerosLike): /job:localhost/replica:0/task:0/device:GPU:0
gradient_tape/mlb_res_net/residual_block/batch_normalization_2/FusedBatchNormGradV3: (FusedBatchNormGradV3): /job:localhost/replica:0/task:0/device:GPU:0
zeros_like_10: (ZerosLike): /job:localhost/replica:0/task:0/device:GPU:0
gradient_tape/mlb_res_net/residual_block/batch_normalization/FusedBatchNormGradV3: (FusedBatchNormGradV3): /job:localhost/replica:0/task:0/device:GPU:0
gradient_tape/mlb_res_net/residual_block/conv2d_2/Conv2D/ShapeN: (ShapeN): /job:localhost/replica:0/task:0/device:GPU:0
gradient_tape/mlb_res_net/residual_block/conv2d_2/Conv2D/Conv2DBackpropInput: (Conv2DBackpropInput): /job:localhost/replica:0/task:0/device:GPU:0
gradient_tape/mlb_res_net/residual_block/conv2d_2/Conv2D/Conv2DBackpropFilter: (Conv2DBackpropFilter): /job:localhost/replica:0/task:0/device:GPU:0
gradient_tape/mlb_res_net/residual_block/conv2d/Conv2D/ShapeN: (ShapeN): /job:localhost/replica:0/task:0/device:GPU:0
gradient_tape/mlb_res_net/residual_block/conv2d/Conv2D/Conv2DBackpropInput: (Conv2DBackpropInput): /job:localhost/replica:0/task:0/device:GPU:0
gradient_tape/mlb_res_net/residual_block/conv2d/Conv2D/Conv2DBackpropFilter: (Conv2DBackpropFilter): /job:localhost/replica:0/task:0/device:GPU:0
gradient_tape/mlb_res_net/residual_block/ReluGrad_1: (ReluGrad): /job:localhost/replica:0/task:0/device:GPU:0
zeros_like_11: (ZerosLike): /job:localhost/replica:0/task:0/device:GPU:0
gradient_tape/mlb_res_net/residual_block/batch_normalization_1/FusedBatchNormGradV3: (FusedBatchNormGradV3): /job:localhost/replica:0/task:0/device:GPU:0
gradient_tape/mlb_res_net/residual_block/conv2d_1/Conv2D/ShapeN: (ShapeN): /job:localhost/replica:0/task:0/device:GPU:0
gradient_tape/mlb_res_net/residual_block/conv2d_1/Conv2D/Conv2DBackpropInput: (Conv2DBackpropInput): /job:localhost/replica:0/task:0/device:GPU:0
gradient_tape/mlb_res_net/residual_block/conv2d_1/Conv2D/Conv2DBackpropFilter: (Conv2DBackpropFilter): /job:localhost/replica:0/task:0/device:GPU:0
AddN_3: (AddN): /job:localhost/replica:0/task:0/device:GPU:0
gradient_tape/mlb_res_net/max_pooling2d/MaxPool/MaxPoolGrad: (MaxPoolGrad): /job:localhost/replica:0/task:0/device:GPU:0
gradient_tape/mlb_res_net/activation/ReluGrad: (ReluGrad): /job:localhost/replica:0/task:0/device:GPU:0
zeros_like_12: (ZerosLike): /job:localhost/replica:0/task:0/device:GPU:0
gradient_tape/mlb_res_net/batch_normalization/FusedBatchNormGradV3: (FusedBatchNormGradV3): /job:localhost/replica:0/task:0/device:GPU:0
gradient_tape/mlb_res_net/conv2d/Conv2D/ShapeN: (ShapeN): /job:localhost/replica:0/task:0/device:GPU:0
gradient_tape/mlb_res_net/conv2d/Conv2D/Conv2DBackpropInput: (Conv2DBackpropInput): /job:localhost/replica:0/task:0/device:GPU:0
gradient_tape/mlb_res_net/conv2d/Conv2D/Conv2DBackpropFilter: (Conv2DBackpropFilter): /job:localhost/replica:0/task:0/device:GPU:0
NoOp: (NoOp): /job:localhost/replica:0/task:0/device:GPU:0
Identity: (Identity): /job:localhost/replica:0/task:0/device:GPU:0
Identity_1: (Identity): /job:localhost/replica:0/task:0/device:GPU:0
Identity_2: (Identity): /job:localhost/replica:0/task:0/device:GPU:0
FakeSink0: (Identity): /job:localhost/replica:0/task:0/device:GPU:0
FakeSink1: (Identity): /job:localhost/replica:0/task:0/device:GPU:0
FakeSink2: (Identity): /job:localhost/replica:0/task:0/device:GPU:0
identity_RetVal: (_Retval): /job:localhost/replica:0/task:0/device:CPU:0
identity_1_RetVal: (_Retval): /job:localhost/replica:0/task:0/device:CPU:0
identity_2_RetVal: (_Retval): /job:localhost/replica:0/task:0/device:CPU:0
Const: (Const): /job:localhost/replica:0/task:0/device:GPU:0
one_hot/on_value: (Const): /job:localhost/replica:0/task:0/device:GPU:0
one_hot/off_value: (Const): /job:localhost/replica:0/task:0/device:GPU:0
one_hot/depth: (Const): /job:localhost/replica:0/task:0/device:GPU:0
mlb_res_net/global_average_pooling2d/Mean/reduction_indices: (Const): /job:localhost/replica:0/task:0/device:GPU:0
categorical_crossentropy/Const: (Const): /job:localhost/replica:0/task:0/device:GPU:0
categorical_crossentropy/softmax_cross_entropy_with_logits/Rank: (Const): /job:localhost/replica:0/task:0/device:GPU:0
categorical_crossentropy/softmax_cross_entropy_with_logits/Shape: (Const): /job:localhost/replica:0/task:0/device:GPU:0
categorical_crossentropy/softmax_cross_entropy_with_logits/Rank_1: (Const): /job:localhost/replica:0/task:0/device:GPU:0
categorical_crossentropy/softmax_cross_entropy_with_logits/Shape_1: (Const): /job:localhost/replica:0/task:0/device:GPU:0
categorical_crossentropy/softmax_cross_entropy_with_logits/Sub/y: (Const): /job:localhost/replica:0/task:0/device:GPU:0
categorical_crossentropy/softmax_cross_entropy_with_logits/Slice/size: (Const): /job:localhost/replica:0/task:0/device:GPU:0
categorical_crossentropy/softmax_cross_entropy_with_logits/concat/values_0: (Const): /job:localhost/replica:0/task:0/device:GPU:0
categorical_crossentropy/softmax_cross_entropy_with_logits/concat/axis: (Const): /job:localhost/replica:0/task:0/device:GPU:0
categorical_crossentropy/softmax_cross_entropy_with_logits/Rank_2: (Const): /job:localhost/replica:0/task:0/device:GPU:0
categorical_crossentropy/softmax_cross_entropy_with_logits/Shape_2: (Const): /job:localhost/replica:0/task:0/device:GPU:0
categorical_crossentropy/softmax_cross_entropy_with_logits/Sub_1/y: (Const): /job:localhost/replica:0/task:0/device:GPU:0
categorical_crossentropy/softmax_cross_entropy_with_logits/Slice_1/size: (Const): /job:localhost/replica:0/task:0/device:GPU:0
categorical_crossentropy/softmax_cross_entropy_with_logits/concat_1/values_0: (Const): /job:localhost/replica:0/task:0/device:GPU:0
categorical_crossentropy/softmax_cross_entropy_with_logits/concat_1/axis: (Const): /job:localhost/replica:0/task:0/device:GPU:0
categorical_crossentropy/softmax_cross_entropy_with_logits/Sub_2/y: (Const): /job:localhost/replica:0/task:0/device:GPU:0
categorical_crossentropy/softmax_cross_entropy_with_logits/Slice_2/begin: (Const): /job:localhost/replica:0/task:0/device:GPU:0
categorical_crossentropy/weighted_loss/Const: (Const): /job:localhost/replica:0/task:0/device:GPU:0
categorical_crossentropy/weighted_loss/Const_1: (Const): /job:localhost/replica:0/task:0/device:GPU:0
categorical_crossentropy/weighted_loss/num_elements: (Const): /job:localhost/replica:0/task:0/device:GPU:0
categorical_crossentropy/weighted_loss/Rank: (Const): /job:localhost/replica:0/task:0/device:GPU:0
categorical_crossentropy/weighted_loss/range/start: (Const): /job:localhost/replica:0/task:0/device:GPU:0
categorical_crossentropy/weighted_loss/range/delta: (Const): /job:localhost/replica:0/task:0/device:GPU:0
Rank: (Const): /job:localhost/replica:0/task:0/device:GPU:0
range/start: (Const): /job:localhost/replica:0/task:0/device:GPU:0
range/delta: (Const): /job:localhost/replica:0/task:0/device:GPU:0
Size: (Const): /job:localhost/replica:0/task:0/device:GPU:0
ones: (Const): /job:localhost/replica:0/task:0/device:GPU:0
gradient_tape/div_no_nan/Shape: (Const): /job:localhost/replica:0/task:0/device:GPU:0
gradient_tape/div_no_nan/Shape_1: (Const): /job:localhost/replica:0/task:0/device:GPU:0
gradient_tape/Reshape/shape: (Const): /job:localhost/replica:0/task:0/device:GPU:0
gradient_tape/Reshape/shape_1: (Const): /job:localhost/replica:0/task:0/device:GPU:0
gradient_tape/Const: (Const): /job:localhost/replica:0/task:0/device:GPU:0
gradient_tape/categorical_crossentropy/weighted_loss/value/Shape: (Const): /job:localhost/replica:0/task:0/device:GPU:0
gradient_tape/categorical_crossentropy/weighted_loss/value/Shape_1: (Const): /job:localhost/replica:0/task:0/device:GPU:0
gradient_tape/categorical_crossentropy/weighted_loss/Reshape/shape: (Const): /job:localhost/replica:0/task:0/device:GPU:0
gradient_tape/categorical_crossentropy/weighted_loss/Reshape/shape_1: (Const): /job:localhost/replica:0/task:0/device:GPU:0
gradient_tape/categorical_crossentropy/weighted_loss/Const: (Const): /job:localhost/replica:0/task:0/device:GPU:0
gradient_tape/categorical_crossentropy/weighted_loss/Reshape_1/shape: (Const): /job:localhost/replica:0/task:0/device:GPU:0
gradient_tape/categorical_crossentropy/weighted_loss/Const_1: (Const): /job:localhost/replica:0/task:0/device:GPU:0
gradient_tape/categorical_crossentropy/softmax_cross_entropy_with_logits/Shape: (Const): /job:localhost/replica:0/task:0/device:GPU:0
gradient_tape/categorical_crossentropy/softmax_cross_entropy_with_logits/ExpandDims/dim: (Const): /job:localhost/replica:0/task:0/device:GPU:0
gradient_tape/categorical_crossentropy/softmax_cross_entropy_with_logits/ExpandDims_1/dim: (Const): /job:localhost/replica:0/task:0/device:GPU:0
gradient_tape/categorical_crossentropy/softmax_cross_entropy_with_logits/Shape_1: (Const): /job:localhost/replica:0/task:0/device:GPU:0
gradient_tape/mlb_res_net/global_average_pooling2d/Maximum/x: (Const): /job:localhost/replica:0/task:0/device:GPU:0
gradient_tape/mlb_res_net/global_average_pooling2d/Maximum/y: (Const): /job:localhost/replica:0/task:0/device:GPU:0
gradient_tape/mlb_res_net/global_average_pooling2d/floordiv/x: (Const): /job:localhost/replica:0/task:0/device:GPU:0
gradient_tape/mlb_res_net/global_average_pooling2d/Reshape/shape: (Const): /job:localhost/replica:0/task:0/device:GPU:0
gradient_tape/mlb_res_net/global_average_pooling2d/Tile/multiples: (Const): /job:localhost/replica:0/task:0/device:GPU:0
gradient_tape/mlb_res_net/global_average_pooling2d/Const: (Const): /job:localhost/replica:0/task:0/device:GPU:0
zeros: (Const): /job:localhost/replica:0/task:0/device:GPU:0
zeros_1: (Const): /job:localhost/replica:0/task:0/device:GPU:0
zeros_2: (Const): /job:localhost/replica:0/task:0/device:GPU:0
zeros_3: (Const): /job:localhost/replica:0/task:0/device:GPU:0
zeros_4: (Const): /job:localhost/replica:0/task:0/device:GPU:0
zeros_5: (Const): /job:localhost/replica:0/task:0/device:GPU:0
zeros_6: (Const): /job:localhost/replica:0/task:0/device:GPU:0
zeros_7: (Const): /job:localhost/replica:0/task:0/device:GPU:0
zeros_8: (Const): /job:localhost/replica:0/task:0/device:GPU:0
zeros_9: (Const): /job:localhost/replica:0/task:0/device:GPU:0
zeros_10: (Const): /job:localhost/replica:0/task:0/device:GPU:0
zeros_11: (Const): /job:localhost/replica:0/task:0/device:GPU:0
zeros_12: (Const): /job:localhost/replica:0/task:0/device:GPU:0
zeros_13: (Const): /job:localhost/replica:0/task:0/device:GPU:0
zeros_14: (Const): /job:localhost/replica:0/task:0/device:GPU:0
zeros_15: (Const): /job:localhost/replica:0/task:0/device:GPU:0
zeros_16: (Const): /job:localhost/replica:0/task:0/device:GPU:0
zeros_17: (Const): /job:localhost/replica:0/task:0/device:GPU:0
zeros_18: (Const): /job:localhost/replica:0/task:0/device:GPU:0
zeros_19: (Const): /job:localhost/replica:0/task:0/device:GPU:0
zeros_20: (Const): /job:localhost/replica:0/task:0/device:GPU:0
zeros_21: (Const): /job:localhost/replica:0/task:0/device:GPU:0
zeros_22: (Const): /job:localhost/replica:0/task:0/device:GPU:0
zeros_23: (Const): /job:localhost/replica:0/task:0/device:GPU:0
zeros_24: (Const): /job:localhost/replica:0/task:0/device:GPU:0
zeros_25: (Const): /job:localhost/replica:0/task:0/device:GPU:0
zeros_26: (Const): /job:localhost/replica:0/task:0/device:GPU:0
zeros_27: (Const): /job:localhost/replica:0/task:0/device:GPU:0
zeros_28: (Const): /job:localhost/replica:0/task:0/device:GPU:0
zeros_29: (Const): /job:localhost/replica:0/task:0/device:GPU:0
zeros_30: (Const): /job:localhost/replica:0/task:0/device:GPU:0
zeros_31: (Const): /job:localhost/replica:0/task:0/device:GPU:0
zeros_32: (Const): /job:localhost/replica:0/task:0/device:GPU:0
zeros_33: (Const): /job:localhost/replica:0/task:0/device:GPU:0
zeros_34: (Const): /job:localhost/replica:0/task:0/device:GPU:0
zeros_35: (Const): /job:localhost/replica:0/task:0/device:GPU:0
zeros_36: (Const): /job:localhost/replica:0/task:0/device:GPU:0
zeros_37: (Const): /job:localhost/replica:0/task:0/device:GPU:0
zeros_38: (Const): /job:localhost/replica:0/task:0/device:GPU:0
zeros_39: (Const): /job:localhost/replica:0/task:0/device:GPU:0
zeros_40: (Const): /job:localhost/replica:0/task:0/device:GPU:0
zeros_41: (Const): /job:localhost/replica:0/task:0/device:GPU:0
zeros_42: (Const): /job:localhost/replica:0/task:0/device:GPU:0
zeros_43: (Const): /job:localhost/replica:0/task:0/device:GPU:0
zeros_44: (Const): /job:localhost/replica:0/task:0/device:GPU:0
zeros_45: (Const): /job:localhost/replica:0/task:0/device:GPU:0
zeros_46: (Const): /job:localhost/replica:0/task:0/device:GPU:0
zeros_47: (Const): /job:localhost/replica:0/task:0/device:GPU:0
zeros_48: (Const): /job:localhost/replica:0/task:0/device:GPU:0
zeros_49: (Const): /job:localhost/replica:0/task:0/device:GPU:0
zeros_50: (Const): /job:localhost/replica:0/task:0/device:GPU:0
zeros_51: (Const): /job:localhost/replica:0/task:0/device:GPU:0
Const_1: (Const): /job:localhost/replica:0/task:0/device:GPU:0
args_0: (_Arg): /job:localhost/replica:0/task:0/device:CPU:0
args_1: (_Arg): /job:localhost/replica:0/task:0/device:CPU:0
args_2: (_Arg): /job:localhost/replica:0/task:0/device:CPU:0
args_3: (_Arg): /job:localhost/replica:0/task:0/device:CPU:0
args_4: (_Arg): /job:localhost/replica:0/task:0/device:CPU:0
flat_filenames: (Reshape): /job:localhost/replica:0/task:0/device:CPU:0
TensorSliceDataset: (TensorSliceDataset): /job:localhost/replica:0/task:0/device:CPU:0
FlatMapDataset: (FlatMapDataset): /job:localhost/replica:0/task:0/device:CPU:0
NoOp: (NoOp): /job:localhost/replica:0/task:0/device:CPU:0
Identity: (Identity): /job:localhost/replica:0/task:0/device:CPU:0
FakeSink0: (Identity): /job:localhost/replica:0/task:0/device:CPU:0
identity_RetVal: (_Retval): /job:localhost/replica:0/task:0/device:CPU:0
flat_filenames/shape: (Const): /job:localhost/replica:0/task:0/device:CPU:0
args_0: (_Arg): /job:localhost/replica:0/task:0/device:CPU:0
ParseSingleExample/ParseExample/ParseExampleV2: (ParseExampleV2): /job:localhost/replica:0/task:0/device:CPU:0
Reshape: (Reshape): /job:localhost/replica:0/task:0/device:CPU:0
Reshape_1: (Reshape): /job:localhost/replica:0/task:0/device:CPU:0
Reshape_2: (Reshape): /job:localhost/replica:0/task:0/device:CPU:0
decode_image/DecodeImage: (DecodeImage): /job:localhost/replica:0/task:0/device:CPU:0
Identity: (Identity): /job:localhost/replica:0/task:0/device:CPU:0
Identity_1: (Identity): /job:localhost/replica:0/task:0/device:CPU:0
Identity_2: (Identity): /job:localhost/replica:0/task:0/device:CPU:0
FakeSink0: (Identity): /job:localhost/replica:0/task:0/device:CPU:0
FakeSink1: (Identity): /job:localhost/replica:0/task:0/device:CPU:0
FakeSink2: (Identity): /job:localhost/replica:0/task:0/device:CPU:0
identity_RetVal: (_Retval): /job:localhost/replica:0/task:0/device:CPU:0
identity_1_RetVal: (_Retval): /job:localhost/replica:0/task:0/device:CPU:0
identity_2_RetVal: (_Retval): /job:localhost/replica:0/task:0/device:CPU:0
ParseSingleExample/ParseExample/Const: (Const): /job:localhost/replica:0/task:0/device:CPU:0
ParseSingleExample/ParseExample/Const_1: (Const): /job:localhost/replica:0/task:0/device:CPU:0
ParseSingleExample/ParseExample/Const_2: (Const): /job:localhost/replica:0/task:0/device:CPU:0
ParseSingleExample/ParseExample/ParseExampleV2/names: (Const): /job:localhost/replica:0/task:0/device:CPU:0
ParseSingleExample/ParseExample/ParseExampleV2/sparse_keys: (Const): /job:localhost/replica:0/task:0/device:CPU:0
ParseSingleExample/ParseExample/ParseExampleV2/dense_keys: (Const): /job:localhost/replica:0/task:0/device:CPU:0
ParseSingleExample/ParseExample/ParseExampleV2/ragged_keys: (Const): /job:localhost/replica:0/task:0/device:CPU:0
Reshape/shape: (Const): /job:localhost/replica:0/task:0/device:CPU:0
Reshape/shape_1: (Const): /job:localhost/replica:0/task:0/device:CPU:0
Reshape_1/shape: (Const): /job:localhost/replica:0/task:0/device:CPU:0
Reshape_1/shape_1: (Const): /job:localhost/replica:0/task:0/device:CPU:0
Reshape_2/shape: (Const): /job:localhost/replica:0/task:0/device:CPU:0
Reshape_2/shape_1: (Const): /job:localhost/replica:0/task:0/device:CPU:0
args_0: (_Arg): /job:localhost/replica:0/task:0/device:CPU:0
TFRecordDataset: (TFRecordDataset): /job:localhost/replica:0/task:0/device:CPU:0
NoOp: (NoOp): /job:localhost/replica:0/task:0/device:CPU:0
Identity: (Identity): /job:localhost/replica:0/task:0/device:CPU:0
FakeSink0: (Identity): /job:localhost/replica:0/task:0/device:CPU:0
identity_Rtotal elapsed time: 1.2186226844787598 seconds
average time per step: 0.6093113422393799 seconds
etVal: (_Retval): /job:localhost/replica:0/task:0/device:CPU:0
compression_type: (Const): /job:localhost/replica:0/task:0/device:CPU:0
buffer_size: (Const): /job:localhost/replica:0/task:0/device:CPU:0
